TN:
SF:src/app.js
FN:67,(anonymous_0)
FN:101,(anonymous_1)
FN:104,(anonymous_2)
FN:118,(anonymous_3)
FN:129,(anonymous_4)
FN:142,(anonymous_5)
FN:151,(anonymous_6)
FNF:7
FNH:0
FNDA:0,(anonymous_0)
FNDA:0,(anonymous_1)
FNDA:0,(anonymous_2)
FNDA:0,(anonymous_3)
FNDA:0,(anonymous_4)
FNDA:0,(anonymous_5)
FNDA:0,(anonymous_6)
DA:4,0
DA:5,0
DA:6,0
DA:7,0
DA:8,0
DA:9,0
DA:10,0
DA:11,0
DA:13,0
DA:16,0
DA:17,0
DA:20,0
DA:21,0
DA:22,0
DA:23,0
DA:24,0
DA:25,0
DA:26,0
DA:27,0
DA:28,0
DA:29,0
DA:30,0
DA:37,0
DA:38,0
DA:41,0
DA:42,0
DA:46,0
DA:47,0
DA:48,0
DA:54,0
DA:66,0
DA:68,0
DA:69,0
DA:70,0
DA:71,0
DA:73,0
DA:90,0
DA:101,0
DA:102,0
DA:104,0
DA:105,0
DA:110,0
DA:115,0
DA:116,0
DA:118,0
DA:119,0
DA:120,0
DA:121,0
DA:122,0
DA:124,0
DA:126,0
DA:129,0
DA:130,0
DA:131,0
DA:134,0
DA:135,0
DA:142,0
DA:143,0
DA:151,0
DA:152,0
DA:156,0
DA:159,0
DA:160,0
DA:161,0
DA:162,0
DA:163,0
DA:164,0
DA:165,0
DA:166,0
DA:167,0
DA:168,0
DA:179,0
DA:180,0
DA:182,0
LF:74
LH:0
BRDA:41,0,0,0
BRDA:41,0,1,0
BRDA:46,1,0,0
BRDA:46,1,1,0
BRDA:46,2,0,0
BRDA:46,2,1,0
BRDA:54,3,0,0
BRDA:54,3,1,0
BRDA:68,4,0,0
BRDA:68,4,1,0
BRDA:70,5,0,0
BRDA:70,5,1,0
BRDA:120,6,0,0
BRDA:120,6,1,0
BRDA:120,6,2,0
BRF:15
BRH:0
end_of_record
TN:
SF:src/config/database.js
FN:17,(anonymous_0)
FN:21,(anonymous_1)
FN:25,(anonymous_2)
FN:30,(anonymous_3)
FN:44,(anonymous_4)
FNF:5
FNH:0
FNDA:0,(anonymous_0)
FNDA:0,(anonymous_1)
FNDA:0,(anonymous_2)
FNDA:0,(anonymous_3)
FNDA:0,(anonymous_4)
DA:4,0
DA:5,0
DA:8,0
DA:17,0
DA:18,0
DA:21,0
DA:22,0
DA:25,0
DA:26,0
DA:30,0
DA:31,0
DA:32,0
DA:33,0
DA:34,0
DA:35,0
DA:36,0
DA:38,0
DA:39,0
DA:44,0
DA:45,0
DA:46,0
DA:47,0
DA:49,0
DA:53,0
LF:24
LH:0
BRDA:10,0,0,0
BRDA:10,0,1,0
BRF:2
BRH:0
end_of_record
TN:
SF:src/maintenance/retention.js
FN:12,run
FNF:1
FNH:0
FNDA:0,run
DA:4,0
DA:5,0
DA:7,0
DA:8,0
DA:9,0
DA:10,0
DA:13,0
DA:14,0
DA:15,0
DA:16,0
DA:17,0
DA:20,0
DA:21,0
DA:22,0
DA:23,0
DA:25,0
DA:26,0
DA:28,0
DA:29,0
DA:33,0
LF:20
LH:0
BRDA:7,0,0,0
BRDA:7,0,1,0
BRDA:8,1,0,0
BRDA:8,1,1,0
BRDA:9,2,0,0
BRDA:9,2,1,0
BRDA:10,3,0,0
BRDA:10,3,1,0
BRF:8
BRH:0
end_of_record
TN:
SF:src/middleware/auth.js
FN:10,authenticateToken
FN:25,(anonymous_1)
FN:47,authorizeAdmin
FN:66,authorizeRoles
FN:67,(anonymous_4)
FN:89,authorizeSuperAdmin
FNF:6
FNH:0
FNDA:0,authenticateToken
FNDA:0,(anonymous_1)
FNDA:0,authorizeAdmin
FNDA:0,authorizeRoles
FNDA:0,(anonymous_4)
FNDA:0,authorizeSuperAdmin
DA:4,0
DA:5,0
DA:11,0
DA:12,0
DA:14,0
DA:20,0
DA:21,0
DA:22,0
DA:25,0
DA:26,0
DA:27,0
DA:28,0
DA:31,0
DA:32,0
DA:38,0
DA:39,0
DA:40,0
DA:48,0
DA:49,0
DA:50,0
DA:53,0
DA:54,0
DA:55,0
DA:58,0
DA:59,0
DA:67,0
DA:68,0
DA:69,0
DA:73,0
DA:74,0
DA:77,0
DA:78,0
DA:79,0
DA:82,0
DA:90,0
DA:91,0
DA:94,0
DA:95,0
DA:96,0
DA:99,0
DA:102,0
LF:41
LH:0
BRDA:12,0,0,0
BRDA:12,0,1,0
BRDA:16,1,0,0
BRDA:16,1,1,0
BRDA:20,2,0,0
BRDA:20,2,1,0
BRDA:26,3,0,0
BRDA:26,3,1,0
BRDA:31,4,0,0
BRDA:31,4,1,0
BRDA:34,5,0,0
BRDA:34,5,1,0
BRDA:48,6,0,0
BRDA:48,6,1,0
BRDA:53,7,0,0
BRDA:53,7,1,0
BRDA:53,8,0,0
BRDA:53,8,1,0
BRDA:68,9,0,0
BRDA:68,9,1,0
BRDA:73,10,0,0
BRDA:73,10,1,0
BRDA:77,11,0,0
BRDA:77,11,1,0
BRDA:90,12,0,0
BRDA:90,12,1,0
BRDA:94,13,0,0
BRDA:94,13,1,0
BRF:28
BRH:0
end_of_record
TN:
SF:src/middleware/errorHandler.js
FN:9,notFoundHandler
FN:20,globalErrorHandler
FN:73,asyncHandler
FN:74,(anonymous_3)
FNF:4
FNH:0
FNDA:0,notFoundHandler
FNDA:0,globalErrorHandler
FNDA:0,asyncHandler
FNDA:0,(anonymous_3)
DA:4,0
DA:10,0
DA:11,0
DA:22,0
DA:31,0
DA:32,0
DA:38,0
DA:39,0
DA:44,0
DA:45,0
DA:51,0
DA:52,0
DA:59,0
DA:60,0
DA:64,0
DA:74,0
DA:75,0
DA:79,0
LF:18
LH:0
BRDA:27,0,0,0
BRDA:27,0,1,0
BRDA:31,1,0,0
BRDA:31,1,1,0
BRDA:38,2,0,0
BRDA:38,2,1,0
BRDA:44,3,0,0
BRDA:44,3,1,0
BRDA:51,4,0,0
BRDA:51,4,1,0
BRDA:59,5,0,0
BRDA:59,5,1,0
BRDA:59,5,2,0
BRDA:60,6,0,0
BRDA:60,6,1,0
BRDA:66,7,0,0
BRDA:66,7,1,0
BRF:17
BRH:0
end_of_record
TN:
SF:src/routes/adminExceptionRoutes.js
FN:13,parsePositiveInt
FN:19,parseMaybeInt
FN:26,(anonymous_2)
FNF:3
FNH:0
FNDA:0,parsePositiveInt
FNDA:0,parseMaybeInt
FNDA:0,(anonymous_2)
DA:4,0
DA:5,0
DA:6,0
DA:8,0
DA:10,0
DA:11,0
DA:14,0
DA:15,0
DA:16,0
DA:20,0
DA:21,0
DA:22,0
DA:26,0
DA:27,0
DA:28,0
DA:29,0
DA:31,0
DA:32,0
DA:33,0
DA:34,0
DA:35,0
DA:37,0
DA:38,0
DA:41,0
DA:42,0
DA:45,0
DA:46,0
DA:47,0
DA:49,0
DA:51,0
DA:52,0
DA:53,0
DA:55,0
DA:56,0
DA:57,0
DA:60,0
DA:61,0
DA:62,0
DA:65,0
DA:67,0
DA:68,0
DA:71,0
DA:72,0
DA:73,0
DA:76,0
DA:77,0
DA:78,0
DA:81,0
DA:82,0
DA:83,0
DA:86,0
DA:87,0
DA:88,0
DA:89,0
DA:91,0
DA:92,0
DA:93,0
DA:95,0
DA:100,0
DA:101,0
DA:103,0
DA:104,0
DA:105,0
DA:108,0
DA:145,0
DA:150,0
DA:151,0
DA:155,0
LF:68
LH:0
BRDA:14,0,0,0
BRDA:14,0,1,0
BRDA:15,1,0,0
BRDA:15,1,1,0
BRDA:15,2,0,0
BRDA:15,2,1,0
BRDA:20,3,0,0
BRDA:20,3,1,0
BRDA:21,4,0,0
BRDA:21,4,1,0
BRDA:27,5,0,0
BRDA:27,5,1,0
BRDA:28,6,0,0
BRDA:28,6,1,0
BRDA:29,7,0,0
BRDA:29,7,1,0
BRDA:34,8,0,0
BRDA:34,8,1,0
BRDA:35,9,0,0
BRDA:35,9,1,0
BRDA:37,10,0,0
BRDA:37,10,1,0
BRDA:37,11,0,0
BRDA:37,11,1,0
BRDA:41,12,0,0
BRDA:41,12,1,0
BRDA:41,13,0,0
BRDA:41,13,1,0
BRDA:55,14,0,0
BRDA:55,14,1,0
BRDA:60,15,0,0
BRDA:60,15,1,0
BRDA:65,16,0,0
BRDA:65,16,1,0
BRDA:71,17,0,0
BRDA:71,17,1,0
BRDA:76,18,0,0
BRDA:76,18,1,0
BRDA:81,19,0,0
BRDA:81,19,1,0
BRDA:86,20,0,0
BRDA:86,20,1,0
BRDA:87,21,0,0
BRDA:87,21,1,0
BRDA:91,22,0,0
BRDA:91,22,1,0
BRDA:104,23,0,0
BRDA:104,23,1,0
BRF:48
BRH:0
end_of_record
TN:
SF:src/routes/adminRoutes.js
FN:14,(anonymous_0)
FN:70,(anonymous_1)
FN:101,(anonymous_2)
FNF:3
FNH:0
FNDA:0,(anonymous_0)
FNDA:0,(anonymous_1)
FNDA:0,(anonymous_2)
DA:4,0
DA:5,0
DA:6,0
DA:7,0
DA:8,0
DA:9,0
DA:14,0
DA:15,0
DA:17,0
DA:21,0
DA:22,0
DA:25,0
DA:26,0
DA:29,0
DA:30,0
DA:31,0
DA:34,0
DA:35,0
DA:36,0
DA:39,0
DA:44,0
DA:45,0
DA:48,0
DA:51,0
DA:57,0
DA:58,0
DA:64,0
DA:65,0
DA:70,0
DA:71,0
DA:72,0
DA:73,0
DA:74,0
DA:77,0
DA:80,0
DA:81,0
DA:82,0
DA:84,0
DA:86,0
DA:91,0
DA:92,0
DA:94,0
DA:95,0
DA:101,0
DA:102,0
DA:104,0
DA:105,0
DA:106,0
DA:107,0
DA:109,0
DA:110,0
DA:111,0
DA:112,0
DA:113,0
DA:115,0
DA:116,0
DA:120,0
LF:57
LH:0
BRDA:17,0,0,0
BRDA:17,0,1,0
BRDA:17,0,2,0
BRDA:17,0,3,0
BRDA:17,0,4,0
BRDA:21,1,0,0
BRDA:21,1,1,0
BRDA:25,2,0,0
BRDA:25,2,1,0
BRDA:25,3,0,0
BRDA:25,3,1,0
BRDA:30,4,0,0
BRDA:30,4,1,0
BRDA:35,5,0,0
BRDA:35,5,1,0
BRDA:44,6,0,0
BRDA:44,6,1,0
BRDA:72,7,0,0
BRDA:72,7,1,0
BRDA:73,8,0,0
BRDA:73,8,1,0
BRDA:73,9,0,0
BRDA:73,9,1,0
BRDA:73,9,2,0
BRDA:73,9,3,0
BRDA:81,10,0,0
BRDA:81,10,1,0
BRDA:81,11,0,0
BRDA:81,11,1,0
BRDA:81,11,2,0
BRDA:91,12,0,0
BRDA:91,12,1,0
BRDA:102,13,0,0
BRDA:102,13,1,0
BRDA:104,14,0,0
BRDA:104,14,1,0
BRDA:104,15,0,0
BRDA:104,15,1,0
BRDA:105,16,0,0
BRDA:105,16,1,0
BRDA:105,17,0,0
BRDA:105,17,1,0
BRDA:106,18,0,0
BRDA:106,18,1,0
BRDA:106,19,0,0
BRDA:106,19,1,0
BRDA:107,20,0,0
BRDA:107,20,1,0
BRDA:107,21,0,0
BRDA:107,21,1,0
BRDA:112,22,0,0
BRDA:112,22,1,0
BRDA:112,22,2,0
BRF:53
BRH:0
end_of_record
TN:
SF:src/routes/analyticsRoutes.js
FN:13,(anonymous_0)
FN:100,(anonymous_1)
FN:153,(anonymous_2)
FN:160,(anonymous_3)
FN:162,(anonymous_4)
FN:164,(anonymous_5)
FN:165,(anonymous_6)
FN:167,(anonymous_7)
FN:167,(anonymous_8)
FN:168,(anonymous_9)
FN:168,(anonymous_10)
FN:169,(anonymous_11)
FN:170,(anonymous_12)
FN:181,(anonymous_13)
FN:268,(anonymous_14)
FNF:15
FNH:0
FNDA:0,(anonymous_0)
FNDA:0,(anonymous_1)
FNDA:0,(anonymous_2)
FNDA:0,(anonymous_3)
FNDA:0,(anonymous_4)
FNDA:0,(anonymous_5)
FNDA:0,(anonymous_6)
FNDA:0,(anonymous_7)
FNDA:0,(anonymous_8)
FNDA:0,(anonymous_9)
FNDA:0,(anonymous_10)
FNDA:0,(anonymous_11)
FNDA:0,(anonymous_12)
FNDA:0,(anonymous_13)
FNDA:0,(anonymous_14)
DA:4,0
DA:5,0
DA:6,0
DA:7,0
DA:8,0
DA:10,0
DA:13,0
DA:14,0
DA:16,0
DA:18,0
DA:19,0
DA:38,0
DA:39,0
DA:41,0
DA:42,0
DA:43,0
DA:44,0
DA:46,0
DA:47,0
DA:49,0
DA:52,0
DA:53,0
DA:54,0
DA:55,0
DA:58,0
DA:59,0
DA:60,0
DA:61,0
DA:64,0
DA:65,0
DA:66,0
DA:67,0
DA:70,0
DA:71,0
DA:72,0
DA:73,0
DA:74,0
DA:77,0
DA:78,0
DA:80,0
DA:82,0
DA:83,0
DA:85,0
DA:90,0
DA:91,0
DA:92,0
DA:100,0
DA:101,0
DA:103,0
DA:104,0
DA:114,0
DA:115,0
DA:117,0
DA:118,0
DA:119,0
DA:120,0
DA:123,0
DA:124,0
DA:125,0
DA:126,0
DA:127,0
DA:130,0
DA:132,0
DA:134,0
DA:140,0
DA:142,0
DA:147,0
DA:148,0
DA:153,0
DA:154,0
DA:155,0
DA:156,0
DA:157,0
DA:158,0
DA:159,0
DA:160,0
DA:161,0
DA:162,0
DA:163,0
DA:164,0
DA:165,0
DA:166,0
DA:167,0
DA:168,0
DA:169,0
DA:170,0
DA:171,0
DA:173,0
DA:174,0
DA:175,0
DA:176,0
DA:177,0
DA:181,0
DA:182,0
DA:184,0
DA:185,0
DA:186,0
DA:187,0
DA:189,0
DA:190,0
DA:200,0
DA:217,0
DA:232,0
DA:244,0
DA:246,0
DA:260,0
DA:262,0
DA:263,0
DA:268,0
DA:269,0
DA:271,0
DA:272,0
DA:288,0
DA:289,0
DA:291,0
DA:292,0
DA:293,0
DA:294,0
DA:297,0
DA:298,0
DA:299,0
DA:300,0
DA:303,0
DA:304,0
DA:306,0
DA:308,0
DA:313,0
DA:314,0
DA:318,0
LF:129
LH:0
BRDA:14,0,0,0
BRDA:41,1,0,0
BRDA:41,1,1,0
BRDA:42,2,0,0
BRDA:42,2,1,0
BRDA:52,3,0,0
BRDA:52,3,1,0
BRDA:58,4,0,0
BRDA:58,4,1,0
BRDA:64,5,0,0
BRDA:64,5,1,0
BRDA:70,6,0,0
BRDA:70,6,1,0
BRDA:94,7,0,0
BRDA:94,7,1,0
BRDA:117,8,0,0
BRDA:117,8,1,0
BRDA:123,9,0,0
BRDA:123,9,1,0
BRDA:140,10,0,0
BRDA:140,10,1,0
BRDA:155,11,0,0
BRDA:155,11,1,0
BRDA:155,12,0,0
BRDA:155,12,1,0
BRDA:158,13,0,0
BRDA:158,13,1,0
BRDA:164,14,0,0
BRDA:164,14,1,0
BRDA:166,15,0,0
BRDA:166,15,1,0
BRDA:170,16,0,0
BRDA:170,16,1,0
BRDA:171,17,0,0
BRDA:171,17,1,0
BRDA:171,18,0,0
BRDA:171,18,1,0
BRDA:171,19,0,0
BRDA:171,19,1,0
BRDA:171,20,0,0
BRDA:171,20,1,0
BRDA:171,21,0,0
BRDA:171,21,1,0
BRDA:171,22,0,0
BRDA:171,22,1,0
BRDA:171,23,0,0
BRDA:171,23,1,0
BRDA:182,24,0,0
BRDA:185,25,0,0
BRDA:185,25,1,0
BRDA:251,26,0,0
BRDA:251,26,1,0
BRDA:252,27,0,0
BRDA:252,27,1,0
BRDA:253,28,0,0
BRDA:253,28,1,0
BRDA:253,29,0,0
BRDA:253,29,1,0
BRDA:269,30,0,0
BRDA:291,31,0,0
BRDA:291,31,1,0
BRDA:297,32,0,0
BRDA:297,32,1,0
BRF:63
BRH:0
end_of_record
TN:
SF:src/routes/authRoutes.js
FN:16,(anonymous_0)
FN:20,(anonymous_1)
FN:30,(anonymous_2)
FN:39,(anonymous_3)
FN:62,(anonymous_4)
FNF:5
FNH:0
FNDA:0,(anonymous_0)
FNDA:0,(anonymous_1)
FNDA:0,(anonymous_2)
FNDA:0,(anonymous_3)
FNDA:0,(anonymous_4)
DA:4,0
DA:5,0
DA:6,0
DA:7,0
DA:8,0
DA:10,0
DA:17,0
DA:18,0
DA:21,0
DA:25,0
DA:31,0
DA:39,0
DA:40,0
DA:41,0
DA:43,0
DA:44,0
DA:47,0
DA:49,0
DA:51,0
DA:52,0
DA:54,0
DA:62,0
DA:63,0
DA:64,0
DA:66,0
DA:67,0
DA:70,0
DA:72,0
DA:74,0
DA:78,0
LF:30
LH:0
BRDA:17,0,0,0
BRDA:17,0,1,0
BRDA:17,1,0,0
BRDA:17,1,1,0
BRDA:43,2,0,0
BRDA:43,2,1,0
BRDA:43,3,0,0
BRDA:43,3,1,0
BRDA:51,4,0,0
BRDA:51,4,1,0
BRDA:66,5,0,0
BRDA:66,5,1,0
BRF:12
BRH:0
end_of_record
TN:
SF:src/routes/commentRoutes.js
FN:13,rateLimit
FN:25,(anonymous_1)
FN:105,(anonymous_2)
FN:148,(anonymous_3)
FN:207,(anonymous_4)
FN:232,(anonymous_5)
FN:250,(anonymous_6)
FN:274,(anonymous_7)
FN:288,(anonymous_8)
FN:292,(anonymous_9)
FN:311,(anonymous_10)
FN:338,(anonymous_11)
FN:339,(anonymous_12)
FN:352,(anonymous_13)
FN:377,ensurePinsTable
FN:388,ensureTaskPinsTable
FN:397,(anonymous_16)
FN:402,(anonymous_17)
FN:412,(anonymous_18)
FN:444,(anonymous_19)
FN:465,(anonymous_20)
FN:484,(anonymous_21)
FN:509,(anonymous_22)
FN:548,(anonymous_23)
FN:573,(anonymous_24)
FNF:25
FNH:0
FNDA:0,rateLimit
FNDA:0,(anonymous_1)
FNDA:0,(anonymous_2)
FNDA:0,(anonymous_3)
FNDA:0,(anonymous_4)
FNDA:0,(anonymous_5)
FNDA:0,(anonymous_6)
FNDA:0,(anonymous_7)
FNDA:0,(anonymous_8)
FNDA:0,(anonymous_9)
FNDA:0,(anonymous_10)
FNDA:0,(anonymous_11)
FNDA:0,(anonymous_12)
FNDA:0,(anonymous_13)
FNDA:0,ensurePinsTable
FNDA:0,ensureTaskPinsTable
FNDA:0,(anonymous_16)
FNDA:0,(anonymous_17)
FNDA:0,(anonymous_18)
FNDA:0,(anonymous_19)
FNDA:0,(anonymous_20)
FNDA:0,(anonymous_21)
FNDA:0,(anonymous_22)
FNDA:0,(anonymous_23)
FNDA:0,(anonymous_24)
DA:4,0
DA:5,0
DA:6,0
DA:7,0
DA:8,0
DA:10,0
DA:12,0
DA:14,0
DA:15,0
DA:16,0
DA:17,0
DA:18,0
DA:20,0
DA:21,0
DA:22,0
DA:25,0
DA:26,0
DA:27,0
DA:28,0
DA:29,0
DA:30,0
DA:31,0
DA:35,0
DA:36,0
DA:37,0
DA:44,0
DA:45,0
DA:46,0
DA:48,0
DA:49,0
DA:50,0
DA:53,0
DA:54,0
DA:55,0
DA:56,0
DA:57,0
DA:58,0
DA:59,0
DA:62,0
DA:63,0
DA:64,0
DA:65,0
DA:67,0
DA:92,0
DA:96,0
DA:98,0
DA:99,0
DA:101,0
DA:105,0
DA:106,0
DA:107,0
DA:108,0
DA:109,0
DA:111,0
DA:112,0
DA:114,0
DA:115,0
DA:117,0
DA:118,0
DA:121,0
DA:122,0
DA:123,0
DA:126,0
DA:127,0
DA:128,0
DA:130,0
DA:131,0
DA:132,0
DA:133,0
DA:136,0
DA:142,0
DA:144,0
DA:145,0
DA:147,0
DA:148,0
DA:152,0
DA:153,0
DA:158,0
DA:159,0
DA:164,0
DA:175,0
DA:177,0
DA:185,0
DA:191,0
DA:192,0
DA:193,0
DA:194,0
DA:201,0
DA:203,0
DA:207,0
DA:208,0
DA:209,0
DA:210,0
DA:211,0
DA:212,0
DA:214,0
DA:215,0
DA:216,0
DA:217,0
DA:218,0
DA:219,0
DA:220,0
DA:222,0
DA:224,0
DA:225,0
DA:227,0
DA:228,0
DA:232,0
DA:233,0
DA:234,0
DA:235,0
DA:236,0
DA:237,0
DA:238,0
DA:243,0
DA:245,0
DA:246,0
DA:250,0
DA:251,0
DA:252,0
DA:254,0
DA:255,0
DA:256,0
DA:257,0
DA:260,0
DA:267,0
DA:269,0
DA:270,0
DA:274,0
DA:275,0
DA:276,0
DA:278,0
DA:279,0
DA:284,0
DA:285,0
DA:288,0
DA:289,0
DA:292,0
DA:294,0
DA:301,0
DA:306,0
DA:307,0
DA:311,0
DA:312,0
DA:314,0
DA:315,0
DA:338,0
DA:339,0
DA:341,0
DA:347,0
DA:348,0
DA:352,0
DA:353,0
DA:354,0
DA:355,0
DA:356,0
DA:357,0
DA:370,0
DA:372,0
DA:373,0
DA:378,0
DA:389,0
DA:397,0
DA:398,0
DA:399,0
DA:400,0
DA:401,0
DA:402,0
DA:404,0
DA:405,0
DA:406,0
DA:412,0
DA:413,0
DA:414,0
DA:415,0
DA:416,0
DA:417,0
DA:418,0
DA:419,0
DA:421,0
DA:422,0
DA:426,0
DA:427,0
DA:431,0
DA:432,0
DA:434,0
DA:436,0
DA:437,0
DA:439,0
DA:440,0
DA:441,0
DA:444,0
DA:445,0
DA:446,0
DA:447,0
DA:448,0
DA:449,0
DA:450,0
DA:458,0
DA:460,0
DA:461,0
DA:462,0
DA:465,0
DA:466,0
DA:467,0
DA:468,0
DA:469,0
DA:470,0
DA:471,0
DA:472,0
DA:473,0
DA:475,0
DA:477,0
DA:479,0
DA:480,0
DA:481,0
DA:484,0
DA:485,0
DA:486,0
DA:487,0
DA:488,0
DA:489,0
DA:491,0
DA:492,0
DA:493,0
DA:494,0
DA:495,0
DA:496,0
DA:497,0
DA:499,0
DA:501,0
DA:502,0
DA:504,0
DA:505,0
DA:509,0
DA:510,0
DA:511,0
DA:512,0
DA:513,0
DA:515,0
DA:516,0
DA:523,0
DA:536,0
DA:541,0
DA:543,0
DA:544,0
DA:548,0
DA:549,0
DA:551,0
DA:552,0
DA:566,0
DA:568,0
DA:569,0
DA:573,0
DA:574,0
DA:575,0
DA:576,0
DA:577,0
DA:579,0
DA:580,0
DA:583,0
DA:584,0
DA:585,0
DA:587,0
DA:592,0
DA:593,0
DA:597,0
DA:598,0
DA:604,0
DA:606,0
DA:614,0
DA:621,0
DA:623,0
DA:624,0
DA:625,0
DA:627,0
DA:631,0
LF:277
LH:0
BRDA:13,0,0,0
BRDA:15,1,0,0
BRDA:15,1,1,0
BRDA:16,2,0,0
BRDA:16,2,1,0
BRDA:28,3,0,0
BRDA:28,3,1,0
BRDA:35,4,0,0
BRDA:35,4,1,0
BRDA:36,5,0,0
BRDA:36,5,1,0
BRDA:44,6,0,0
BRDA:44,6,1,0
BRDA:45,7,0,0
BRDA:45,7,1,0
BRDA:49,8,0,0
BRDA:49,8,1,0
BRDA:49,9,0,0
BRDA:49,9,1,0
BRDA:49,9,2,0
BRDA:55,10,0,0
BRDA:55,10,1,0
BRDA:57,11,0,0
BRDA:57,11,1,0
BRDA:92,12,0,0
BRDA:92,12,1,0
BRDA:107,13,0,0
BRDA:111,14,0,0
BRDA:111,14,1,0
BRDA:111,15,0,0
BRDA:111,15,1,0
BRDA:114,16,0,0
BRDA:114,16,1,0
BRDA:117,17,0,0
BRDA:117,17,1,0
BRDA:122,18,0,0
BRDA:122,18,1,0
BRDA:131,19,0,0
BRDA:131,19,1,0
BRDA:147,20,0,0
BRDA:147,20,1,0
BRDA:158,21,0,0
BRDA:158,21,1,0
BRDA:193,22,0,0
BRDA:193,22,1,0
BRDA:193,23,0,0
BRDA:193,23,1,0
BRDA:193,23,2,0
BRDA:193,24,0,0
BRDA:193,24,1,0
BRDA:211,25,0,0
BRDA:211,25,1,0
BRDA:216,26,0,0
BRDA:216,26,1,0
BRDA:219,27,0,0
BRDA:219,27,1,0
BRDA:220,28,0,0
BRDA:220,28,1,0
BRDA:220,29,0,0
BRDA:220,29,1,0
BRDA:237,30,0,0
BRDA:237,30,1,0
BRDA:256,31,0,0
BRDA:256,31,1,0
BRDA:284,32,0,0
BRDA:284,32,1,0
BRDA:354,33,0,0
BRDA:354,34,0,0
BRDA:355,35,0,0
BRDA:355,35,1,0
BRDA:365,36,0,0
BRDA:365,36,1,0
BRDA:415,37,0,0
BRDA:415,37,1,0
BRDA:421,38,0,0
BRDA:421,38,1,0
BRDA:426,39,0,0
BRDA:426,39,1,0
BRDA:431,40,0,0
BRDA:431,40,1,0
BRDA:472,41,0,0
BRDA:472,41,1,0
BRDA:488,42,0,0
BRDA:488,42,1,0
BRDA:493,43,0,0
BRDA:493,43,1,0
BRDA:496,44,0,0
BRDA:496,44,1,0
BRDA:497,45,0,0
BRDA:497,45,1,0
BRDA:497,46,0,0
BRDA:497,46,1,0
BRDA:521,47,0,0
BRDA:521,47,1,0
BRDA:579,48,0,0
BRDA:579,48,1,0
BRDA:579,49,0,0
BRDA:579,49,1,0
BRDA:592,50,0,0
BRDA:592,50,1,0
BRDA:597,51,0,0
BRDA:597,51,1,0
BRF:102
BRH:0
end_of_record
TN:
SF:src/routes/exceptionRoutes.js
FN:20,fetchOrderResponsibleUser
FN:49,createTaskCommentAndMentions
FN:55,(anonymous_2)
FN:55,(anonymous_3)
FN:92,fetchAdminUserIds
FN:97,(anonymous_5)
FN:106,(anonymous_6)
FN:122,ensureAttachmentDir
FN:128,safeFilename
FN:135,normalizeReasonCode
FN:141,normalizeReasonText
FN:148,(anonymous_11)
FN:207,(anonymous_12)
FN:381,(anonymous_13)
FN:506,(anonymous_14)
FN:560,(anonymous_15)
FN:626,(anonymous_16)
FN:654,(anonymous_17)
FN:681,(anonymous_18)
FN:696,(anonymous_19)
FNF:20
FNH:0
FNDA:0,fetchOrderResponsibleUser
FNDA:0,createTaskCommentAndMentions
FNDA:0,(anonymous_2)
FNDA:0,(anonymous_3)
FNDA:0,fetchAdminUserIds
FNDA:0,(anonymous_5)
FNDA:0,(anonymous_6)
FNDA:0,ensureAttachmentDir
FNDA:0,safeFilename
FNDA:0,normalizeReasonCode
FNDA:0,normalizeReasonText
FNDA:0,(anonymous_11)
FNDA:0,(anonymous_12)
FNDA:0,(anonymous_13)
FNDA:0,(anonymous_14)
FNDA:0,(anonymous_15)
FNDA:0,(anonymous_16)
FNDA:0,(anonymous_17)
FNDA:0,(anonymous_18)
FNDA:0,(anonymous_19)
DA:4,0
DA:5,0
DA:6,0
DA:7,0
DA:8,0
DA:9,0
DA:10,0
DA:11,0
DA:12,0
DA:14,0
DA:16,0
DA:17,0
DA:18,0
DA:21,0
DA:39,0
DA:40,0
DA:41,0
DA:42,0
DA:50,0
DA:51,0
DA:53,0
DA:54,0
DA:55,0
DA:57,0
DA:64,0
DA:66,0
DA:67,0
DA:72,0
DA:81,0
DA:89,0
DA:93,0
DA:97,0
DA:100,0
DA:107,0
DA:108,0
DA:115,0
DA:116,0
DA:118,0
DA:123,0
DA:124,0
DA:125,0
DA:129,0
DA:130,0
DA:131,0
DA:132,0
DA:136,0
DA:137,0
DA:138,0
DA:142,0
DA:143,0
DA:144,0
DA:148,0
DA:149,0
DA:150,0
DA:152,0
DA:153,0
DA:156,0
DA:157,0
DA:158,0
DA:159,0
DA:160,0
DA:161,0
DA:164,0
DA:165,0
DA:166,0
DA:167,0
DA:168,0
DA:170,0
DA:173,0
DA:176,0
DA:191,0
DA:200,0
DA:201,0
DA:207,0
DA:208,0
DA:209,0
DA:210,0
DA:211,0
DA:213,0
DA:214,0
DA:217,0
DA:218,0
DA:220,0
DA:221,0
DA:224,0
DA:225,0
DA:227,0
DA:228,0
DA:229,0
DA:231,0
DA:251,0
DA:252,0
DA:253,0
DA:257,0
DA:258,0
DA:259,0
DA:260,0
DA:261,0
DA:265,0
DA:266,0
DA:273,0
DA:274,0
DA:275,0
DA:279,0
DA:302,0
DA:304,0
DA:306,0
DA:321,0
DA:328,0
DA:329,0
DA:330,0
DA:331,0
DA:333,0
DA:336,0
DA:340,0
DA:341,0
DA:342,0
DA:343,0
DA:344,0
DA:353,0
DA:355,0
DA:356,0
DA:358,0
DA:362,0
DA:365,0
DA:371,0
DA:372,0
DA:373,0
DA:375,0
DA:381,0
DA:382,0
DA:383,0
DA:384,0
DA:385,0
DA:387,0
DA:389,0
DA:390,0
DA:391,0
DA:398,0
DA:399,0
DA:400,0
DA:402,0
DA:403,0
DA:406,0
DA:407,0
DA:408,0
DA:411,0
DA:412,0
DA:413,0
DA:414,0
DA:416,0
DA:417,0
DA:418,0
DA:422,0
DA:426,0
DA:427,0
DA:428,0
DA:431,0
DA:432,0
DA:433,0
DA:436,0
DA:446,0
DA:455,0
DA:456,0
DA:457,0
DA:458,0
DA:459,0
DA:460,0
DA:471,0
DA:474,0
DA:476,0
DA:488,0
DA:494,0
DA:496,0
DA:497,0
DA:498,0
DA:500,0
DA:506,0
DA:507,0
DA:508,0
DA:509,0
DA:510,0
DA:512,0
DA:514,0
DA:515,0
DA:523,0
DA:525,0
DA:526,0
DA:527,0
DA:529,0
DA:532,0
DA:545,0
DA:551,0
DA:553,0
DA:554,0
DA:560,0
DA:561,0
DA:562,0
DA:563,0
DA:564,0
DA:566,0
DA:567,0
DA:569,0
DA:570,0
DA:577,0
DA:578,0
DA:590,0
DA:591,0
DA:592,0
DA:593,0
DA:595,0
DA:598,0
DA:612,0
DA:618,0
DA:620,0
DA:621,0
DA:626,0
DA:627,0
DA:629,0
DA:630,0
DA:634,0
DA:635,0
DA:638,0
DA:646,0
DA:648,0
DA:649,0
DA:654,0
DA:655,0
DA:657,0
DA:658,0
DA:665,0
DA:666,0
DA:669,0
DA:670,0
DA:671,0
DA:672,0
DA:675,0
DA:676,0
DA:677,0
DA:678,0
DA:680,0
DA:681,0
DA:682,0
DA:683,0
DA:684,0
DA:687,0
DA:689,0
DA:690,0
DA:696,0
DA:697,0
DA:698,0
DA:699,0
DA:701,0
DA:702,0
DA:705,0
DA:706,0
DA:707,0
DA:709,0
DA:713,0
DA:714,0
DA:715,0
DA:718,0
DA:719,0
DA:721,0
DA:722,0
DA:723,0
DA:729,0
DA:730,0
DA:731,0
DA:733,0
DA:736,0
DA:738,0
DA:754,0
DA:757,0
DA:759,0
DA:761,0
DA:762,0
DA:763,0
DA:765,0
DA:769,0
LF:280
LH:0
BRDA:39,0,0,0
BRDA:39,0,1,0
BRDA:41,1,0,0
BRDA:41,1,1,0
BRDA:43,2,0,0
BRDA:43,2,1,0
BRDA:44,3,0,0
BRDA:44,3,1,0
BRDA:45,4,0,0
BRDA:45,4,1,0
BRDA:50,5,0,0
BRDA:50,5,1,0
BRDA:51,6,0,0
BRDA:51,6,1,0
BRDA:53,7,0,0
BRDA:53,7,1,0
BRDA:53,8,0,0
BRDA:53,8,1,0
BRDA:53,8,2,0
BRDA:54,9,0,0
BRDA:54,9,1,0
BRDA:55,10,0,0
BRDA:55,10,1,0
BRDA:92,11,0,0
BRDA:95,12,0,0
BRDA:95,12,1,0
BRDA:97,13,0,0
BRDA:97,13,1,0
BRDA:107,14,0,0
BRDA:107,14,1,0
BRDA:115,15,0,0
BRDA:115,15,1,0
BRDA:115,16,0,0
BRDA:115,16,1,0
BRDA:128,17,0,0
BRDA:129,18,0,0
BRDA:129,18,1,0
BRDA:130,19,0,0
BRDA:130,19,1,0
BRDA:131,20,0,0
BRDA:131,20,1,0
BRDA:131,21,0,0
BRDA:131,21,1,0
BRDA:136,22,0,0
BRDA:136,22,1,0
BRDA:138,23,0,0
BRDA:138,23,1,0
BRDA:142,24,0,0
BRDA:142,24,1,0
BRDA:144,25,0,0
BRDA:144,25,1,0
BRDA:150,26,0,0
BRDA:150,26,1,0
BRDA:152,27,0,0
BRDA:152,27,1,0
BRDA:152,28,0,0
BRDA:152,28,1,0
BRDA:159,29,0,0
BRDA:159,29,1,0
BRDA:194,30,0,0
BRDA:194,30,1,0
BRDA:195,31,0,0
BRDA:195,31,1,0
BRDA:196,32,0,0
BRDA:196,32,1,0
BRDA:209,33,0,0
BRDA:209,33,1,0
BRDA:213,34,0,0
BRDA:213,34,1,0
BRDA:213,35,0,0
BRDA:213,35,1,0
BRDA:220,36,0,0
BRDA:220,36,1,0
BRDA:224,37,0,0
BRDA:224,37,1,0
BRDA:224,38,0,0
BRDA:224,38,1,0
BRDA:224,38,2,0
BRDA:251,39,0,0
BRDA:251,39,1,0
BRDA:257,40,0,0
BRDA:257,40,1,0
BRDA:259,41,0,0
BRDA:259,41,1,0
BRDA:265,42,0,0
BRDA:265,42,1,0
BRDA:273,43,0,0
BRDA:273,43,1,0
BRDA:292,44,0,0
BRDA:292,44,1,0
BRDA:293,45,0,0
BRDA:293,45,1,0
BRDA:315,46,0,0
BRDA:315,46,1,0
BRDA:315,47,0,0
BRDA:315,47,1,0
BRDA:329,48,0,0
BRDA:329,48,1,0
BRDA:330,49,0,0
BRDA:330,49,1,0
BRDA:333,50,0,0
BRDA:333,50,1,0
BRDA:336,51,0,0
BRDA:336,51,1,0
BRDA:336,52,0,0
BRDA:336,52,1,0
BRDA:340,53,0,0
BRDA:340,53,1,0
BRDA:387,54,0,0
BRDA:387,54,1,0
BRDA:389,55,0,0
BRDA:389,55,1,0
BRDA:390,56,0,0
BRDA:390,56,1,0
BRDA:390,57,0,0
BRDA:390,57,1,0
BRDA:398,58,0,0
BRDA:398,58,1,0
BRDA:399,59,0,0
BRDA:399,59,1,0
BRDA:400,60,0,0
BRDA:400,60,1,0
BRDA:402,61,0,0
BRDA:402,61,1,0
BRDA:402,62,0,0
BRDA:402,62,1,0
BRDA:402,62,2,0
BRDA:411,63,0,0
BRDA:411,63,1,0
BRDA:413,64,0,0
BRDA:413,64,1,0
BRDA:414,65,0,0
BRDA:414,65,1,0
BRDA:416,66,0,0
BRDA:416,66,1,0
BRDA:416,67,0,0
BRDA:416,67,1,0
BRDA:416,67,2,0
BRDA:426,68,0,0
BRDA:426,68,1,0
BRDA:431,69,0,0
BRDA:431,69,1,0
BRDA:457,70,0,0
BRDA:457,70,1,0
BRDA:464,71,0,0
BRDA:464,71,1,0
BRDA:464,72,0,0
BRDA:464,72,1,0
BRDA:464,73,0,0
BRDA:464,73,1,0
BRDA:464,74,0,0
BRDA:464,74,1,0
BRDA:508,75,0,0
BRDA:508,75,1,0
BRDA:512,76,0,0
BRDA:512,76,1,0
BRDA:523,77,0,0
BRDA:523,77,1,0
BRDA:526,78,0,0
BRDA:526,78,1,0
BRDA:562,79,0,0
BRDA:562,79,1,0
BRDA:566,80,0,0
BRDA:566,80,1,0
BRDA:567,81,0,0
BRDA:567,81,1,0
BRDA:569,82,0,0
BRDA:569,82,1,0
BRDA:569,83,0,0
BRDA:569,83,1,0
BRDA:590,84,0,0
BRDA:590,84,1,0
BRDA:592,85,0,0
BRDA:592,85,1,0
BRDA:634,86,0,0
BRDA:634,86,1,0
BRDA:665,87,0,0
BRDA:665,87,1,0
BRDA:671,88,0,0
BRDA:671,88,1,0
BRDA:675,89,0,0
BRDA:675,89,1,0
BRDA:676,90,0,0
BRDA:676,90,1,0
BRDA:677,91,0,0
BRDA:677,91,1,0
BRDA:677,92,0,0
BRDA:677,92,1,0
BRDA:677,93,0,0
BRDA:677,93,1,0
BRDA:678,94,0,0
BRDA:678,94,1,0
BRDA:683,95,0,0
BRDA:683,95,1,0
BRDA:699,96,0,0
BRDA:699,96,1,0
BRDA:701,97,0,0
BRDA:701,97,1,0
BRDA:713,98,0,0
BRDA:713,98,1,0
BRDA:722,99,0,0
BRDA:722,99,1,0
BRDA:723,100,0,0
BRDA:723,100,1,0
BRDA:724,101,0,0
BRDA:724,101,1,0
BRDA:725,102,0,0
BRDA:725,102,1,0
BRDA:726,103,0,0
BRDA:726,103,1,0
BRDA:730,104,0,0
BRDA:730,104,1,0
BRDA:747,105,0,0
BRDA:747,105,1,0
BRDA:748,106,0,0
BRDA:748,106,1,0
BRDA:749,107,0,0
BRDA:749,107,1,0
BRDA:750,108,0,0
BRDA:750,108,1,0
BRF:220
BRH:0
end_of_record
TN:
SF:src/routes/maintenanceRoutes.js
FN:11,(anonymous_0)
FN:90,(anonymous_1)
FN:169,(anonymous_2)
FN:178,(anonymous_3)
FN:187,(anonymous_4)
FNF:5
FNH:0
FNDA:0,(anonymous_0)
FNDA:0,(anonymous_1)
FNDA:0,(anonymous_2)
FNDA:0,(anonymous_3)
FNDA:0,(anonymous_4)
DA:4,0
DA:5,0
DA:6,0
DA:7,0
DA:9,0
DA:11,0
DA:12,0
DA:13,0
DA:14,0
DA:16,0
DA:22,0
DA:23,0
DA:24,0
DA:31,0
DA:33,0
DA:37,0
DA:39,0
DA:51,0
DA:53,0
DA:58,0
DA:62,0
DA:64,0
DA:66,0
DA:68,0
DA:70,0
DA:78,0
DA:79,0
DA:80,0
DA:86,0
DA:90,0
DA:91,0
DA:92,0
DA:93,0
DA:95,0
DA:101,0
DA:102,0
DA:103,0
DA:110,0
DA:112,0
DA:116,0
DA:118,0
DA:130,0
DA:132,0
DA:137,0
DA:141,0
DA:143,0
DA:145,0
DA:147,0
DA:149,0
DA:157,0
DA:158,0
DA:159,0
DA:165,0
DA:169,0
DA:170,0
DA:171,0
DA:177,0
DA:178,0
DA:182,0
DA:183,0
DA:187,0
DA:188,0
DA:189,0
DA:197,0
DA:199,0
DA:200,0
DA:201,0
DA:207,0
DA:214,0
DA:215,0
DA:219,0
LF:71
LH:0
BRDA:22,0,0,0
BRDA:22,0,1,0
BRDA:101,1,0,0
BRDA:101,1,1,0
BRDA:199,2,0,0
BRDA:199,2,1,0
BRF:6
BRH:0
end_of_record
TN:
SF:src/routes/orderRoutes.js
FN:16,hasOpenExceptions
FN:47,(anonymous_1)
FN:68,(anonymous_2)
FN:73,(anonymous_3)
FN:79,(anonymous_4)
FN:113,(anonymous_5)
FN:193,(anonymous_6)
FN:249,(anonymous_7)
FN:278,(anonymous_8)
FN:280,(anonymous_9)
FN:281,(anonymous_10)
FN:347,(anonymous_11)
FN:361,(anonymous_12)
FN:418,(anonymous_13)
FN:430,(anonymous_14)
FN:441,extractLabeledValue
FN:452,(anonymous_16)
FN:504,(anonymous_17)
FN:516,(anonymous_18)
FN:520,(anonymous_19)
FN:521,(anonymous_20)
FN:523,(anonymous_21)
FN:528,(anonymous_22)
FN:622,(anonymous_23)
FN:828,(anonymous_24)
FN:830,(anonymous_25)
FN:831,(anonymous_26)
FN:890,(anonymous_27)
FN:904,(anonymous_28)
FN:921,(anonymous_29)
FN:1047,(anonymous_30)
FNF:31
FNH:0
FNDA:0,hasOpenExceptions
FNDA:0,(anonymous_1)
FNDA:0,(anonymous_2)
FNDA:0,(anonymous_3)
FNDA:0,(anonymous_4)
FNDA:0,(anonymous_5)
FNDA:0,(anonymous_6)
FNDA:0,(anonymous_7)
FNDA:0,(anonymous_8)
FNDA:0,(anonymous_9)
FNDA:0,(anonymous_10)
FNDA:0,(anonymous_11)
FNDA:0,(anonymous_12)
FNDA:0,(anonymous_13)
FNDA:0,(anonymous_14)
FNDA:0,extractLabeledValue
FNDA:0,(anonymous_16)
FNDA:0,(anonymous_17)
FNDA:0,(anonymous_18)
FNDA:0,(anonymous_19)
FNDA:0,(anonymous_20)
FNDA:0,(anonymous_21)
FNDA:0,(anonymous_22)
FNDA:0,(anonymous_23)
FNDA:0,(anonymous_24)
FNDA:0,(anonymous_25)
FNDA:0,(anonymous_26)
FNDA:0,(anonymous_27)
FNDA:0,(anonymous_28)
FNDA:0,(anonymous_29)
FNDA:0,(anonymous_30)
DA:4,0
DA:5,0
DA:6,0
DA:7,0
DA:8,0
DA:9,0
DA:10,0
DA:11,0
DA:12,0
DA:14,0
DA:17,0
DA:18,0
DA:26,0
DA:29,0
DA:30,0
DA:32,0
DA:36,0
DA:44,0
DA:48,0
DA:49,0
DA:50,0
DA:51,0
DA:53,0
DA:54,0
DA:57,0
DA:59,0
DA:63,0
DA:70,0
DA:71,0
DA:74,0
DA:79,0
DA:80,0
DA:81,0
DA:82,0
DA:83,0
DA:84,0
DA:86,0
DA:87,0
DA:90,0
DA:91,0
DA:94,0
DA:102,0
DA:107,0
DA:108,0
DA:113,0
DA:114,0
DA:115,0
DA:116,0
DA:117,0
DA:119,0
DA:120,0
DA:123,0
DA:124,0
DA:126,0
DA:127,0
DA:128,0
DA:133,0
DA:134,0
DA:135,0
DA:138,0
DA:140,0
DA:141,0
DA:145,0
DA:152,0
DA:153,0
DA:154,0
DA:156,0
DA:157,0
DA:158,0
DA:159,0
DA:161,0
DA:165,0
DA:172,0
DA:173,0
DA:175,0
DA:178,0
DA:182,0
DA:187,0
DA:188,0
DA:193,0
DA:194,0
DA:195,0
DA:196,0
DA:197,0
DA:198,0
DA:200,0
DA:201,0
DA:204,0
DA:205,0
DA:206,0
DA:207,0
DA:208,0
DA:209,0
DA:210,0
DA:211,0
DA:213,0
DA:214,0
DA:215,0
DA:216,0
DA:217,0
DA:218,0
DA:219,0
DA:220,0
DA:221,0
DA:222,0
DA:223,0
DA:224,0
DA:226,0
DA:227,0
DA:228,0
DA:230,0
DA:231,0
DA:232,0
DA:234,0
DA:235,0
DA:236,0
DA:237,0
DA:238,0
DA:240,0
DA:241,0
DA:242,0
DA:244,0
DA:249,0
DA:250,0
DA:251,0
DA:252,0
DA:254,0
DA:255,0
DA:257,0
DA:261,0
DA:262,0
DA:263,0
DA:265,0
DA:267,0
DA:268,0
DA:274,0
DA:275,0
DA:277,0
DA:278,0
DA:279,0
DA:280,0
DA:281,0
DA:283,0
DA:284,0
DA:285,0
DA:288,0
DA:289,0
DA:290,0
DA:292,0
DA:297,0
DA:298,0
DA:301,0
DA:302,0
DA:303,0
DA:305,0
DA:306,0
DA:308,0
DA:309,0
DA:310,0
DA:315,0
DA:316,0
DA:317,0
DA:318,0
DA:321,0
DA:323,0
DA:324,0
DA:327,0
DA:331,0
DA:332,0
DA:337,0
DA:339,0
DA:340,0
DA:342,0
DA:347,0
DA:348,0
DA:349,0
DA:350,0
DA:351,0
DA:352,0
DA:353,0
DA:354,0
DA:355,0
DA:361,0
DA:362,0
DA:363,0
DA:364,0
DA:366,0
DA:367,0
DA:370,0
DA:371,0
DA:372,0
DA:376,0
DA:377,0
DA:381,0
DA:386,0
DA:387,0
DA:390,0
DA:398,0
DA:404,0
DA:405,0
DA:410,0
DA:411,0
DA:418,0
DA:419,0
DA:420,0
DA:421,0
DA:424,0
DA:425,0
DA:426,0
DA:430,0
DA:431,0
DA:432,0
DA:433,0
DA:434,0
DA:435,0
DA:436,0
DA:437,0
DA:438,0
DA:439,0
DA:442,0
DA:443,0
DA:444,0
DA:445,0
DA:446,0
DA:447,0
DA:448,0
DA:449,0
DA:450,0
DA:452,0
DA:453,0
DA:456,0
DA:457,0
DA:458,0
DA:459,0
DA:463,0
DA:464,0
DA:465,0
DA:466,0
DA:470,0
DA:474,0
DA:475,0
DA:478,0
DA:479,0
DA:480,0
DA:481,0
DA:483,0
DA:484,0
DA:485,0
DA:486,0
DA:489,0
DA:490,0
DA:492,0
DA:494,0
DA:495,0
DA:496,0
DA:497,0
DA:499,0
DA:500,0
DA:501,0
DA:502,0
DA:504,0
DA:505,0
DA:506,0
DA:508,0
DA:509,0
DA:510,0
DA:513,0
DA:516,0
DA:517,0
DA:518,0
DA:520,0
DA:521,0
DA:523,0
DA:524,0
DA:525,0
DA:528,0
DA:529,0
DA:530,0
DA:533,0
DA:534,0
DA:535,0
DA:537,0
DA:538,0
DA:539,0
DA:542,0
DA:543,0
DA:544,0
DA:545,0
DA:548,0
DA:549,0
DA:551,0
DA:552,0
DA:554,0
DA:555,0
DA:556,0
DA:557,0
DA:562,0
DA:563,0
DA:566,0
DA:567,0
DA:568,0
DA:570,0
DA:571,0
DA:574,0
DA:576,0
DA:577,0
DA:578,0
DA:581,0
DA:584,0
DA:585,0
DA:590,0
DA:592,0
DA:593,0
DA:594,0
DA:595,0
DA:596,0
DA:602,0
DA:603,0
DA:604,0
DA:609,0
DA:610,0
DA:611,0
DA:612,0
DA:614,0
DA:615,0
DA:617,0
DA:622,0
DA:623,0
DA:624,0
DA:625,0
DA:626,0
DA:628,0
DA:629,0
DA:632,0
DA:633,0
DA:634,0
DA:637,0
DA:638,0
DA:639,0
DA:640,0
DA:641,0
DA:642,0
DA:644,0
DA:645,0
DA:646,0
DA:649,0
DA:650,0
DA:651,0
DA:652,0
DA:653,0
DA:658,0
DA:659,0
DA:660,0
DA:661,0
DA:662,0
DA:665,0
DA:666,0
DA:668,0
DA:670,0
DA:671,0
DA:674,0
DA:683,0
DA:684,0
DA:688,0
DA:689,0
DA:692,0
DA:693,0
DA:697,0
DA:698,0
DA:701,0
DA:702,0
DA:712,0
DA:713,0
DA:714,0
DA:715,0
DA:716,0
DA:717,0
DA:718,0
DA:723,0
DA:724,0
DA:725,0
DA:726,0
DA:727,0
DA:728,0
DA:729,0
DA:730,0
DA:748,0
DA:749,0
DA:772,0
DA:802,0
DA:803,0
DA:804,0
DA:806,0
DA:807,0
DA:808,0
DA:809,0
DA:810,0
DA:811,0
DA:812,0
DA:813,0
DA:814,0
DA:816,0
DA:819,0
DA:820,0
DA:825,0
DA:826,0
DA:827,0
DA:828,0
DA:829,0
DA:830,0
DA:831,0
DA:833,0
DA:834,0
DA:835,0
DA:838,0
DA:839,0
DA:840,0
DA:842,0
DA:847,0
DA:848,0
DA:851,0
DA:852,0
DA:853,0
DA:854,0
DA:855,0
DA:856,0
DA:861,0
DA:862,0
DA:863,0
DA:864,0
DA:867,0
DA:869,0
DA:870,0
DA:873,0
DA:874,0
DA:875,0
DA:879,0
DA:881,0
DA:882,0
DA:883,0
DA:885,0
DA:890,0
DA:891,0
DA:892,0
DA:894,0
DA:895,0
DA:898,0
DA:899,0
DA:904,0
DA:905,0
DA:908,0
DA:913,0
DA:914,0
DA:921,0
DA:922,0
DA:923,0
DA:924,0
DA:925,0
DA:927,0
DA:928,0
DA:931,0
DA:932,0
DA:933,0
DA:935,0
DA:936,0
DA:940,0
DA:941,0
DA:942,0
DA:947,0
DA:953,0
DA:955,0
DA:956,0
DA:957,0
DA:960,0
DA:963,0
DA:969,0
DA:977,0
DA:978,0
DA:985,0
DA:986,0
DA:1021,0
DA:1024,0
DA:1027,0
DA:1035,0
DA:1038,0
DA:1039,0
DA:1040,0
DA:1042,0
DA:1047,0
DA:1048,0
DA:1049,0
DA:1066,0
DA:1067,0
DA:1069,0
DA:1070,0
DA:1074,0
LF:496
LH:0
BRDA:29,0,0,0
BRDA:29,0,1,0
BRDA:29,1,0,0
BRDA:29,1,1,0
BRDA:29,1,2,0
BRDA:29,2,0,0
BRDA:29,2,1,0
BRDA:48,3,0,0
BRDA:48,3,1,0
BRDA:50,4,0,0
BRDA:50,4,1,0
BRDA:50,4,2,0
BRDA:51,5,0,0
BRDA:51,5,1,0
BRDA:53,6,0,0
BRDA:53,6,1,0
BRDA:53,7,0,0
BRDA:53,7,1,0
BRDA:70,8,0,0
BRDA:70,8,1,0
BRDA:71,9,0,0
BRDA:71,9,1,0
BRDA:84,10,0,0
BRDA:84,10,1,0
BRDA:86,11,0,0
BRDA:86,11,1,0
BRDA:86,12,0,0
BRDA:86,12,1,0
BRDA:90,13,0,0
BRDA:90,13,1,0
BRDA:90,14,0,0
BRDA:90,14,1,0
BRDA:90,14,2,0
BRDA:116,15,0,0
BRDA:116,15,1,0
BRDA:119,16,0,0
BRDA:119,16,1,0
BRDA:119,17,0,0
BRDA:119,17,1,0
BRDA:133,18,0,0
BRDA:133,18,1,0
BRDA:140,19,0,0
BRDA:140,19,1,0
BRDA:140,20,0,0
BRDA:140,20,1,0
BRDA:140,20,2,0
BRDA:154,21,0,0
BRDA:154,21,1,0
BRDA:154,22,0,0
BRDA:154,22,1,0
BRDA:154,22,2,0
BRDA:157,23,0,0
BRDA:157,23,1,0
BRDA:196,24,0,0
BRDA:196,24,1,0
BRDA:200,25,0,0
BRDA:200,25,1,0
BRDA:208,26,0,0
BRDA:208,26,1,0
BRDA:216,27,0,0
BRDA:216,27,1,0
BRDA:216,28,0,0
BRDA:216,28,1,0
BRDA:216,28,2,0
BRDA:220,29,0,0
BRDA:220,29,1,0
BRDA:220,30,0,0
BRDA:220,30,1,0
BRDA:220,30,2,0
BRDA:222,31,0,0
BRDA:222,31,1,0
BRDA:261,32,0,0
BRDA:261,32,1,0
BRDA:279,33,0,0
BRDA:279,33,1,0
BRDA:280,34,0,0
BRDA:280,34,1,0
BRDA:281,35,0,0
BRDA:281,35,1,0
BRDA:283,36,0,0
BRDA:283,36,1,0
BRDA:284,37,0,0
BRDA:284,37,1,0
BRDA:285,38,0,0
BRDA:285,38,1,0
BRDA:288,39,0,0
BRDA:288,39,1,0
BRDA:292,40,0,0
BRDA:292,40,1,0
BRDA:301,41,0,0
BRDA:301,41,1,0
BRDA:301,42,0,0
BRDA:301,42,1,0
BRDA:301,42,2,0
BRDA:303,43,0,0
BRDA:303,43,1,0
BRDA:315,44,0,0
BRDA:315,44,1,0
BRDA:315,45,0,0
BRDA:315,45,1,0
BRDA:315,45,2,0
BRDA:323,46,0,0
BRDA:323,46,1,0
BRDA:352,47,0,0
BRDA:352,47,1,0
BRDA:366,48,0,0
BRDA:366,48,1,0
BRDA:371,49,0,0
BRDA:371,49,1,0
BRDA:376,50,0,0
BRDA:376,50,1,0
BRDA:386,51,0,0
BRDA:386,51,1,0
BRDA:406,52,0,0
BRDA:406,52,1,0
BRDA:421,53,0,0
BRDA:421,53,1,0
BRDA:424,54,0,0
BRDA:424,54,1,0
BRDA:432,55,0,0
BRDA:432,55,1,0
BRDA:442,56,0,0
BRDA:442,56,1,0
BRDA:444,57,0,0
BRDA:444,57,1,0
BRDA:448,58,0,0
BRDA:448,58,1,0
BRDA:448,59,0,0
BRDA:448,59,1,0
BRDA:450,60,0,0
BRDA:450,60,1,0
BRDA:453,61,0,0
BRDA:453,61,1,0
BRDA:457,62,0,0
BRDA:457,62,1,0
BRDA:459,63,0,0
BRDA:459,63,1,0
BRDA:464,64,0,0
BRDA:464,64,1,0
BRDA:464,65,0,0
BRDA:464,65,1,0
BRDA:466,66,0,0
BRDA:466,66,1,0
BRDA:478,67,0,0
BRDA:478,67,1,0
BRDA:479,68,0,0
BRDA:479,68,1,0
BRDA:481,69,0,0
BRDA:481,69,1,0
BRDA:483,70,0,0
BRDA:483,70,1,0
BRDA:484,71,0,0
BRDA:484,71,1,0
BRDA:486,72,0,0
BRDA:486,72,1,0
BRDA:489,73,0,0
BRDA:489,73,1,0
BRDA:490,74,0,0
BRDA:490,74,1,0
BRDA:492,75,0,0
BRDA:492,75,1,0
BRDA:495,76,0,0
BRDA:495,76,1,0
BRDA:504,77,0,0
BRDA:504,77,1,0
BRDA:506,78,0,0
BRDA:506,78,1,0
BRDA:506,78,2,0
BRDA:513,79,0,0
BRDA:513,79,1,0
BRDA:518,80,0,0
BRDA:518,80,1,0
BRDA:518,80,2,0
BRDA:525,81,0,0
BRDA:525,81,1,0
BRDA:525,81,2,0
BRDA:530,82,0,0
BRDA:530,82,1,0
BRDA:530,82,2,0
BRDA:533,83,0,0
BRDA:533,83,1,0
BRDA:533,84,0,0
BRDA:533,84,1,0
BRDA:533,84,2,0
BRDA:539,85,0,0
BRDA:539,85,1,0
BRDA:539,86,0,0
BRDA:539,86,1,0
BRDA:539,86,2,0
BRDA:545,87,0,0
BRDA:545,87,1,0
BRDA:545,88,0,0
BRDA:545,88,1,0
BRDA:551,89,0,0
BRDA:551,89,1,0
BRDA:551,90,0,0
BRDA:551,90,1,0
BRDA:555,91,0,0
BRDA:555,91,1,0
BRDA:562,92,0,0
BRDA:562,92,1,0
BRDA:566,93,0,0
BRDA:566,93,1,0
BRDA:566,94,0,0
BRDA:566,94,1,0
BRDA:566,94,2,0
BRDA:566,94,3,0
BRDA:566,94,4,0
BRDA:570,95,0,0
BRDA:570,95,1,0
BRDA:578,96,0,0
BRDA:578,96,1,0
BRDA:584,97,0,0
BRDA:584,97,1,0
BRDA:584,98,0,0
BRDA:584,98,1,0
BRDA:590,99,0,0
BRDA:590,99,1,0
BRDA:594,100,0,0
BRDA:594,100,1,0
BRDA:594,101,0,0
BRDA:594,101,1,0
BRDA:594,101,2,0
BRDA:623,102,0,0
BRDA:625,103,0,0
BRDA:625,103,1,0
BRDA:628,104,0,0
BRDA:628,104,1,0
BRDA:628,105,0,0
BRDA:628,105,1,0
BRDA:628,105,2,0
BRDA:632,106,0,0
BRDA:632,106,1,0
BRDA:633,107,0,0
BRDA:633,107,1,0
BRDA:640,108,0,0
BRDA:640,108,1,0
BRDA:641,109,0,0
BRDA:641,109,1,0
BRDA:641,110,0,0
BRDA:641,110,1,0
BRDA:645,111,0,0
BRDA:645,111,1,0
BRDA:649,112,0,0
BRDA:649,112,1,0
BRDA:651,113,0,0
BRDA:651,113,1,0
BRDA:658,114,0,0
BRDA:658,114,1,0
BRDA:658,115,0,0
BRDA:658,115,1,0
BRDA:661,116,0,0
BRDA:661,116,1,0
BRDA:665,117,0,0
BRDA:665,117,1,0
BRDA:665,118,0,0
BRDA:665,118,1,0
BRDA:665,118,2,0
BRDA:665,118,3,0
BRDA:665,118,4,0
BRDA:665,118,5,0
BRDA:683,119,0,0
BRDA:683,119,1,0
BRDA:688,120,0,0
BRDA:688,120,1,0
BRDA:689,121,0,0
BRDA:689,121,1,0
BRDA:689,121,2,0
BRDA:692,122,0,0
BRDA:692,122,1,0
BRDA:692,123,0,0
BRDA:692,123,1,0
BRDA:692,123,2,0
BRDA:697,124,0,0
BRDA:697,124,1,0
BRDA:701,125,0,0
BRDA:701,125,1,0
BRDA:712,126,0,0
BRDA:712,126,1,0
BRDA:715,127,0,0
BRDA:715,127,1,0
BRDA:723,128,0,0
BRDA:723,128,1,0
BRDA:726,129,0,0
BRDA:726,129,1,0
BRDA:726,130,0,0
BRDA:726,130,1,0
BRDA:727,131,0,0
BRDA:727,131,1,0
BRDA:727,132,0,0
BRDA:727,132,1,0
BRDA:748,133,0,0
BRDA:748,133,1,0
BRDA:802,134,0,0
BRDA:802,134,1,0
BRDA:807,135,0,0
BRDA:807,135,1,0
BRDA:809,136,0,0
BRDA:809,136,1,0
BRDA:809,137,0,0
BRDA:809,137,1,0
BRDA:811,138,0,0
BRDA:811,138,1,0
BRDA:813,139,0,0
BRDA:813,139,1,0
BRDA:813,140,0,0
BRDA:813,140,1,0
BRDA:829,141,0,0
BRDA:829,141,1,0
BRDA:830,142,0,0
BRDA:830,142,1,0
BRDA:831,143,0,0
BRDA:831,143,1,0
BRDA:833,144,0,0
BRDA:833,144,1,0
BRDA:834,145,0,0
BRDA:834,145,1,0
BRDA:835,146,0,0
BRDA:835,146,1,0
BRDA:838,147,0,0
BRDA:838,147,1,0
BRDA:842,148,0,0
BRDA:842,148,1,0
BRDA:851,149,0,0
BRDA:851,149,1,0
BRDA:851,150,0,0
BRDA:851,150,1,0
BRDA:851,150,2,0
BRDA:853,151,0,0
BRDA:853,151,1,0
BRDA:861,152,0,0
BRDA:861,152,1,0
BRDA:861,153,0,0
BRDA:861,153,1,0
BRDA:861,153,2,0
BRDA:869,154,0,0
BRDA:869,154,1,0
BRDA:894,155,0,0
BRDA:894,155,1,0
BRDA:894,156,0,0
BRDA:894,156,1,0
BRDA:927,157,0,0
BRDA:927,157,1,0
BRDA:927,158,0,0
BRDA:927,158,1,0
BRDA:927,158,2,0
BRDA:935,159,0,0
BRDA:935,159,1,0
BRDA:940,160,0,0
BRDA:940,160,1,0
BRDA:955,161,0,0
BRDA:955,161,1,0
BRDA:985,162,0,0
BRDA:985,162,1,0
BRF:354
BRH:0
end_of_record
TN:
SF:src/routes/taskRoutes.js
FN:11,(anonymous_0)
FN:93,(anonymous_1)
FN:105,(anonymous_2)
FNF:3
FNH:0
FNDA:0,(anonymous_0)
FNDA:0,(anonymous_1)
FNDA:0,(anonymous_2)
DA:4,0
DA:5,0
DA:6,0
DA:7,0
DA:11,0
DA:12,0
DA:13,0
DA:14,0
DA:15,0
DA:16,0
DA:18,0
DA:69,0
DA:70,0
DA:71,0
DA:72,0
DA:73,0
DA:75,0
DA:77,0
DA:78,0
DA:83,0
DA:93,0
DA:94,0
DA:95,0
DA:96,0
DA:98,0
DA:99,0
DA:105,0
DA:106,0
DA:107,0
DA:108,0
DA:109,0
DA:110,0
DA:111,0
DA:112,0
DA:114,0
DA:115,0
DA:116,0
DA:119,0
DA:120,0
DA:122,0
DA:123,0
DA:125,0
DA:127,0
DA:128,0
DA:129,0
DA:133,0
DA:134,0
DA:135,0
DA:136,0
DA:137,0
DA:138,0
DA:139,0
DA:140,0
DA:142,0
DA:146,0
DA:147,0
DA:153,0
DA:154,0
DA:157,0
DA:179,0
DA:181,0
DA:182,0
DA:184,0
DA:185,0
DA:189,0
LF:65
LH:0
BRDA:14,0,0,0
BRDA:14,0,1,0
BRDA:16,1,0,0
BRDA:16,1,1,0
BRDA:72,2,0,0
BRDA:72,2,1,0
BRDA:86,3,0,0
BRDA:86,3,1,0
BRDA:108,4,0,0
BRDA:108,4,1,0
BRDA:109,5,0,0
BRDA:109,5,1,0
BRDA:110,6,0,0
BRDA:110,6,1,0
BRDA:111,7,0,0
BRDA:111,7,1,0
BRDA:120,8,0,0
BRDA:120,8,1,0
BRDA:123,9,0,0
BRDA:123,9,1,0
BRDA:133,10,0,0
BRDA:133,10,1,0
BRDA:137,11,0,0
BRDA:137,11,1,0
BRDA:146,12,0,0
BRDA:146,12,1,0
BRF:26
BRH:0
end_of_record
TN:
SF:src/routes/teamBoardRoutes.js
FN:25,(anonymous_0)
FN:41,ensureAttachmentDir
FN:47,safeExt
FN:54,getGeneralChannelId
FN:64,parseIdList
FN:67,(anonymous_5)
FN:68,(anonymous_6)
FN:72,canManagePost
FN:95,(anonymous_8)
FN:106,(anonymous_9)
FN:180,(anonymous_10)
FN:240,(anonymous_11)
FN:312,(anonymous_12)
FN:345,(anonymous_13)
FN:376,(anonymous_14)
FN:397,(anonymous_15)
FN:425,(anonymous_16)
FN:438,(anonymous_17)
FNF:18
FNH:0
FNDA:0,(anonymous_0)
FNDA:0,ensureAttachmentDir
FNDA:0,safeExt
FNDA:0,getGeneralChannelId
FNDA:0,parseIdList
FNDA:0,(anonymous_5)
FNDA:0,(anonymous_6)
FNDA:0,canManagePost
FNDA:0,(anonymous_8)
FNDA:0,(anonymous_9)
FNDA:0,(anonymous_10)
FNDA:0,(anonymous_11)
FNDA:0,(anonymous_12)
FNDA:0,(anonymous_13)
FNDA:0,(anonymous_14)
FNDA:0,(anonymous_15)
FNDA:0,(anonymous_16)
FNDA:0,(anonymous_17)
DA:4,0
DA:5,0
DA:6,0
DA:7,0
DA:8,0
DA:9,0
DA:10,0
DA:11,0
DA:13,0
DA:15,0
DA:16,0
DA:17,0
DA:19,0
DA:26,0
DA:27,0
DA:34,0
DA:35,0
DA:37,0
DA:42,0
DA:43,0
DA:44,0
DA:48,0
DA:49,0
DA:50,0
DA:51,0
DA:55,0
DA:56,0
DA:58,0
DA:61,0
DA:65,0
DA:66,0
DA:67,0
DA:68,0
DA:69,0
DA:73,0
DA:74,0
DA:75,0
DA:77,0
DA:88,0
DA:89,0
DA:90,0
DA:91,0
DA:95,0
DA:96,0
DA:97,0
DA:98,0
DA:100,0
DA:101,0
DA:106,0
DA:107,0
DA:108,0
DA:109,0
DA:111,0
DA:112,0
DA:113,0
DA:115,0
DA:116,0
DA:117,0
DA:119,0
DA:120,0
DA:122,0
DA:123,0
DA:124,0
DA:125,0
DA:128,0
DA:129,0
DA:130,0
DA:131,0
DA:134,0
DA:135,0
DA:136,0
DA:139,0
DA:169,0
DA:171,0
DA:172,0
DA:174,0
DA:180,0
DA:181,0
DA:182,0
DA:183,0
DA:185,0
DA:186,0
DA:188,0
DA:189,0
DA:191,0
DA:192,0
DA:194,0
DA:196,0
DA:197,0
DA:199,0
DA:201,0
DA:202,0
DA:203,0
DA:205,0
DA:207,0
DA:215,0
DA:217,0
DA:218,0
DA:225,0
DA:227,0
DA:229,0
DA:231,0
DA:232,0
DA:233,0
DA:235,0
DA:240,0
DA:241,0
DA:242,0
DA:243,0
DA:245,0
DA:246,0
DA:247,0
DA:266,0
DA:268,0
DA:277,0
DA:285,0
DA:294,0
DA:303,0
DA:304,0
DA:306,0
DA:312,0
DA:313,0
DA:314,0
DA:315,0
DA:316,0
DA:318,0
DA:319,0
DA:321,0
DA:322,0
DA:323,0
DA:324,0
DA:325,0
DA:327,0
DA:331,0
DA:333,0
DA:334,0
DA:336,0
DA:337,0
DA:339,0
DA:345,0
DA:346,0
DA:347,0
DA:348,0
DA:349,0
DA:351,0
DA:352,0
DA:354,0
DA:356,0
DA:357,0
DA:358,0
DA:360,0
DA:367,0
DA:368,0
DA:370,0
DA:371,0
DA:376,0
DA:377,0
DA:378,0
DA:379,0
DA:381,0
DA:382,0
DA:389,0
DA:391,0
DA:392,0
DA:397,0
DA:398,0
DA:399,0
DA:400,0
DA:402,0
DA:403,0
DA:406,0
DA:407,0
DA:413,0
DA:415,0
DA:416,0
DA:417,0
DA:419,0
DA:420,0
DA:421,0
DA:422,0
DA:424,0
DA:425,0
DA:426,0
DA:427,0
DA:429,0
DA:431,0
DA:432,0
DA:438,0
DA:439,0
DA:440,0
DA:441,0
DA:442,0
DA:444,0
DA:445,0
DA:447,0
DA:449,0
DA:450,0
DA:451,0
DA:453,0
DA:454,0
DA:455,0
DA:456,0
DA:459,0
DA:460,0
DA:462,0
DA:463,0
DA:464,0
DA:470,0
DA:471,0
DA:472,0
DA:473,0
DA:475,0
DA:477,0
DA:492,0
DA:495,0
DA:497,0
DA:499,0
DA:501,0
DA:502,0
DA:503,0
DA:505,0
DA:509,0
LF:222
LH:0
BRDA:26,0,0,0
BRDA:26,0,1,0
BRDA:34,1,0,0
BRDA:34,1,1,0
BRDA:34,2,0,0
BRDA:34,2,1,0
BRDA:47,3,0,0
BRDA:48,4,0,0
BRDA:48,4,1,0
BRDA:49,5,0,0
BRDA:49,5,1,0
BRDA:50,6,0,0
BRDA:50,6,1,0
BRDA:50,7,0,0
BRDA:50,7,1,0
BRDA:56,8,0,0
BRDA:56,8,1,0
BRDA:64,9,0,0
BRDA:65,10,0,0
BRDA:65,10,1,0
BRDA:68,11,0,0
BRDA:68,11,1,0
BRDA:73,12,0,0
BRDA:73,12,1,0
BRDA:74,13,0,0
BRDA:74,13,1,0
BRDA:75,14,0,0
BRDA:75,14,1,0
BRDA:75,15,0,0
BRDA:75,15,1,0
BRDA:88,16,0,0
BRDA:88,16,1,0
BRDA:90,17,0,0
BRDA:90,17,1,0
BRDA:107,18,0,0
BRDA:107,18,1,0
BRDA:108,19,0,0
BRDA:108,19,1,0
BRDA:109,20,0,0
BRDA:109,20,1,0
BRDA:111,21,0,0
BRDA:111,21,1,0
BRDA:111,22,0,0
BRDA:111,22,1,0
BRDA:112,23,0,0
BRDA:112,23,1,0
BRDA:112,24,0,0
BRDA:112,24,1,0
BRDA:117,25,0,0
BRDA:117,25,1,0
BRDA:122,26,0,0
BRDA:122,26,1,0
BRDA:123,27,0,0
BRDA:123,27,1,0
BRDA:128,28,0,0
BRDA:128,28,1,0
BRDA:129,29,0,0
BRDA:129,29,1,0
BRDA:134,30,0,0
BRDA:134,30,1,0
BRDA:181,31,0,0
BRDA:181,31,1,0
BRDA:185,32,0,0
BRDA:185,32,1,0
BRDA:186,33,0,0
BRDA:186,33,1,0
BRDA:188,34,0,0
BRDA:188,34,1,0
BRDA:189,35,0,0
BRDA:189,35,1,0
BRDA:191,36,0,0
BRDA:191,36,1,0
BRDA:192,37,0,0
BRDA:192,37,1,0
BRDA:194,38,0,0
BRDA:194,38,1,0
BRDA:194,39,0,0
BRDA:194,39,1,0
BRDA:196,40,0,0
BRDA:196,40,1,0
BRDA:197,41,0,0
BRDA:197,41,1,0
BRDA:197,42,0,0
BRDA:197,42,1,0
BRDA:199,43,0,0
BRDA:199,43,1,0
BRDA:205,44,0,0
BRDA:205,44,1,0
BRDA:243,45,0,0
BRDA:243,45,1,0
BRDA:266,46,0,0
BRDA:266,46,1,0
BRDA:315,47,0,0
BRDA:315,47,1,0
BRDA:316,48,0,0
BRDA:316,48,1,0
BRDA:318,49,0,0
BRDA:318,49,1,0
BRDA:319,50,0,0
BRDA:319,50,1,0
BRDA:325,51,0,0
BRDA:325,51,1,0
BRDA:331,52,0,0
BRDA:331,52,1,0
BRDA:349,53,0,0
BRDA:349,53,1,0
BRDA:351,54,0,0
BRDA:351,54,1,0
BRDA:352,55,0,0
BRDA:352,55,1,0
BRDA:358,56,0,0
BRDA:358,56,1,0
BRDA:379,57,0,0
BRDA:379,57,1,0
BRDA:402,58,0,0
BRDA:402,58,1,0
BRDA:402,59,0,0
BRDA:402,59,1,0
BRDA:413,60,0,0
BRDA:413,60,1,0
BRDA:417,61,0,0
BRDA:417,61,1,0
BRDA:419,62,0,0
BRDA:419,62,1,0
BRDA:420,63,0,0
BRDA:420,63,1,0
BRDA:421,64,0,0
BRDA:421,64,1,0
BRDA:421,65,0,0
BRDA:421,65,1,0
BRDA:421,66,0,0
BRDA:421,66,1,0
BRDA:422,67,0,0
BRDA:422,67,1,0
BRDA:427,68,0,0
BRDA:427,68,1,0
BRDA:442,69,0,0
BRDA:442,69,1,0
BRDA:444,70,0,0
BRDA:444,70,1,0
BRDA:445,71,0,0
BRDA:445,71,1,0
BRDA:454,72,0,0
BRDA:454,72,1,0
BRDA:463,73,0,0
BRDA:463,73,1,0
BRDA:464,74,0,0
BRDA:464,74,1,0
BRDA:465,75,0,0
BRDA:465,75,1,0
BRDA:466,76,0,0
BRDA:466,76,1,0
BRDA:467,77,0,0
BRDA:467,77,1,0
BRDA:471,78,0,0
BRDA:471,78,1,0
BRDA:485,79,0,0
BRDA:485,79,1,0
BRDA:486,80,0,0
BRDA:486,80,1,0
BRDA:487,81,0,0
BRDA:487,81,1,0
BRDA:488,82,0,0
BRDA:488,82,1,0
BRF:164
BRH:0
end_of_record
TN:
SF:src/routes/userRoutes.js
FN:17,(anonymous_0)
FN:51,(anonymous_1)
FN:64,(anonymous_2)
FN:80,(anonymous_3)
FN:124,(anonymous_4)
FNF:5
FNH:0
FNDA:0,(anonymous_0)
FNDA:0,(anonymous_1)
FNDA:0,(anonymous_2)
FNDA:0,(anonymous_3)
FNDA:0,(anonymous_4)
DA:4,0
DA:5,0
DA:6,0
DA:7,0
DA:8,0
DA:11,0
DA:17,0
DA:18,0
DA:19,0
DA:21,0
DA:22,0
DA:25,0
DA:26,0
DA:29,0
DA:30,0
DA:33,0
DA:35,0
DA:40,0
DA:41,0
DA:43,0
DA:51,0
DA:52,0
DA:53,0
DA:54,0
DA:56,0
DA:64,0
DA:65,0
DA:66,0
DA:67,0
DA:69,0
DA:70,0
DA:72,0
DA:80,0
DA:81,0
DA:82,0
DA:83,0
DA:84,0
DA:87,0
DA:88,0
DA:89,0
DA:92,0
DA:95,0
DA:96,0
DA:99,0
DA:102,0
DA:103,0
DA:106,0
DA:108,0
DA:113,0
DA:114,0
DA:116,0
DA:124,0
DA:125,0
DA:126,0
DA:127,0
DA:129,0
DA:130,0
DA:131,0
DA:134,0
DA:135,0
DA:136,0
DA:139,0
DA:140,0
DA:142,0
DA:143,0
DA:145,0
DA:149,0
LF:67
LH:0
BRDA:21,0,0,0
BRDA:21,0,1,0
BRDA:21,1,0,0
BRDA:21,1,1,0
BRDA:21,1,2,0
BRDA:21,1,3,0
BRDA:25,2,0,0
BRDA:25,2,1,0
BRDA:29,3,0,0
BRDA:29,3,1,0
BRDA:29,4,0,0
BRDA:29,4,1,0
BRDA:29,4,2,0
BRDA:40,5,0,0
BRDA:40,5,1,0
BRDA:69,6,0,0
BRDA:69,6,1,0
BRDA:88,7,0,0
BRDA:88,7,1,0
BRDA:92,8,0,0
BRDA:92,8,1,0
BRDA:95,9,0,0
BRDA:95,9,1,0
BRDA:95,10,0,0
BRDA:95,10,1,0
BRDA:99,11,0,0
BRDA:99,11,1,0
BRDA:102,12,0,0
BRDA:102,12,1,0
BRDA:102,13,0,0
BRDA:102,13,1,0
BRDA:102,13,2,0
BRDA:113,14,0,0
BRDA:113,14,1,0
BRDA:130,15,0,0
BRDA:130,15,1,0
BRDA:134,16,0,0
BRDA:134,16,1,0
BRDA:135,17,0,0
BRDA:135,17,1,0
BRDA:135,18,0,0
BRDA:135,18,1,0
BRDA:142,19,0,0
BRDA:142,19,1,0
BRF:44
BRH:0
end_of_record
TN:
SF:src/services/authService.js
FN:16,(anonymous_0)
FN:76,(anonymous_1)
FN:91,(anonymous_2)
FNF:3
FNH:2
FNDA:3,(anonymous_0)
FNDA:2,(anonymous_1)
FNDA:0,(anonymous_2)
DA:4,1
DA:5,1
DA:6,1
DA:7,1
DA:17,3
DA:18,3
DA:21,3
DA:26,3
DA:27,1
DA:28,1
DA:31,2
DA:34,2
DA:35,2
DA:36,1
DA:37,1
DA:40,1
DA:43,1
DA:54,1
DA:56,1
DA:66,2
DA:67,2
DA:77,2
DA:78,2
DA:79,1
DA:81,1
DA:82,1
DA:92,0
DA:93,0
DA:95,0
DA:96,0
DA:97,0
DA:100,0
DA:101,0
DA:102,0
DA:104,0
DA:105,0
DA:110,0
DA:111,0
DA:114,0
DA:115,0
DA:116,0
DA:117,0
DA:120,0
DA:122,0
DA:124,0
DA:125,0
DA:127,0
DA:128,0
DA:133,1
LF:49
LH:27
BRDA:26,0,0,1
BRDA:26,0,1,2
BRDA:35,1,0,1
BRDA:35,1,1,1
BRDA:40,2,0,1
BRDA:40,2,1,0
BRDA:54,3,0,1
BRDA:54,3,1,0
BRDA:95,4,0,0
BRDA:95,4,1,0
BRDA:96,5,0,0
BRDA:96,5,1,0
BRDA:102,6,0,0
BRDA:102,6,1,0
BRDA:104,7,0,0
BRDA:104,7,1,0
BRDA:104,8,0,0
BRDA:104,8,1,0
BRDA:104,8,2,0
BRDA:110,9,0,0
BRDA:110,9,1,0
BRDA:115,10,0,0
BRDA:115,10,1,0
BRDA:116,11,0,0
BRDA:116,11,1,0
BRDA:117,12,0,0
BRDA:117,12,1,0
BRDA:117,13,0,0
BRDA:117,13,1,0
BRF:29
BRH:6
end_of_record
TN:
SF:src/services/operationLogService.js
FN:16,logOperation
FNF:1
FNH:0
FNDA:0,logOperation
DA:4,0
DA:5,0
DA:17,0
DA:18,0
DA:23,0
DA:24,0
DA:25,0
DA:26,0
DA:28,0
DA:42,0
DA:44,0
DA:48,0
LF:12
LH:0
BRDA:23,0,0,0
BRDA:23,0,1,0
BRF:2
BRH:0
end_of_record
TN:
SF:src/services/userService.js
FN:12,(anonymous_0)
FN:44,(anonymous_1)
FN:59,(anonymous_2)
FN:80,(anonymous_3)
FN:126,(anonymous_4)
FNF:5
FNH:4
FNDA:2,(anonymous_0)
FNDA:1,(anonymous_1)
FNDA:0,(anonymous_2)
FNDA:2,(anonymous_3)
FNDA:2,(anonymous_4)
DA:4,1
DA:5,1
DA:6,1
DA:13,2
DA:15,2
DA:20,2
DA:21,1
DA:25,1
DA:28,1
DA:33,1
DA:34,1
DA:36,1
DA:37,1
DA:45,1
DA:46,1
DA:49,1
DA:51,0
DA:52,0
DA:60,0
DA:61,0
DA:66,0
DA:67,0
DA:70,0
DA:72,0
DA:73,0
DA:81,2
DA:82,2
DA:83,2
DA:84,2
DA:86,2
DA:87,2
DA:88,2
DA:91,2
DA:92,1
DA:93,1
DA:96,2
DA:97,0
DA:98,0
DA:99,0
DA:102,2
DA:103,0
DA:106,2
DA:107,2
DA:109,2
DA:111,2
DA:112,1
DA:115,1
DA:116,1
DA:118,1
DA:119,1
DA:127,2
DA:128,2
DA:133,2
DA:134,1
DA:137,1
DA:138,1
DA:140,1
DA:141,1
DA:146,1
LF:59
LH:46
BRDA:20,0,0,1
BRDA:20,0,1,1
BRDA:66,1,0,0
BRDA:66,1,1,0
BRDA:86,2,0,2
BRDA:86,2,1,0
BRDA:91,3,0,1
BRDA:91,3,1,1
BRDA:96,4,0,0
BRDA:96,4,1,2
BRDA:102,5,0,0
BRDA:102,5,1,2
BRDA:111,6,0,1
BRDA:111,6,1,1
BRDA:133,7,0,1
BRDA:133,7,1,1
BRF:16
BRH:11
end_of_record
TN:
SF:src/utils/logger.js
FN:12,(anonymous_0)
FN:19,(anonymous_1)
FN:25,(anonymous_2)
FN:31,(anonymous_3)
FN:37,(anonymous_4)
FN:45,(anonymous_5)
FN:59,(anonymous_6)
FNF:7
FNH:5
FNDA:2,(anonymous_0)
FNDA:5,(anonymous_1)
FNDA:3,(anonymous_2)
FNDA:4,(anonymous_3)
FNDA:3,(anonymous_4)
FNDA:0,(anonymous_5)
FNDA:0,(anonymous_6)
DA:4,2
DA:16,2
DA:20,5
DA:21,5
DA:26,3
DA:27,3
DA:32,4
DA:33,4
DA:38,3
DA:39,3
DA:46,0
DA:47,0
DA:49,0
DA:50,0
DA:53,0
DA:60,0
DA:62,0
DA:63,0
DA:65,0
DA:66,0
DA:67,0
DA:68,0
DA:69,0
DA:73,0
DA:78,2
DA:79,2
LF:26
LH:12
BRDA:16,0,0,0
BRDA:16,0,1,2
BRDA:20,1,0,5
BRDA:20,1,1,0
BRDA:26,2,0,3
BRDA:26,2,1,0
BRDA:32,3,0,4
BRDA:32,3,1,0
BRDA:38,4,0,3
BRDA:38,4,1,0
BRDA:46,5,0,0
BRDA:46,5,1,0
BRDA:47,6,0,0
BRDA:47,6,1,0
BRDA:60,7,0,0
BRDA:60,7,1,0
BRDA:60,8,0,0
BRDA:60,8,1,0
BRDA:66,9,0,0
BRDA:66,9,1,0
BRDA:68,10,0,0
BRDA:68,10,1,0
BRDA:68,11,0,0
BRDA:68,11,1,0
BRF:24
BRH:5
end_of_record
TN:
SF:src/utils/serialNumber.js
FN:1,normalizeSerialScanInput
FN:13,(anonymous_1)
FNF:2
FNH:2
FNDA:3,normalizeSerialScanInput
FNDA:5,(anonymous_1)
DA:2,3
DA:3,3
DA:6,3
DA:7,3
DA:11,3
DA:12,3
DA:13,5
DA:14,3
DA:15,3
DA:17,3
DA:26,1
LF:11
LH:11
BRDA:2,0,0,3
BRDA:2,0,1,0
BRDA:11,1,0,3
BRDA:11,1,1,0
BRDA:12,2,0,3
BRDA:12,2,1,0
BRDA:13,3,0,5
BRDA:13,3,1,0
BRDA:14,4,0,3
BRDA:14,4,1,0
BRDA:14,4,2,0
BRDA:15,5,0,3
BRDA:15,5,1,3
BRF:13
BRH:7
end_of_record
