TN:
SF:src/app.js
FN:67,(anonymous_0)
FN:101,(anonymous_1)
FN:104,(anonymous_2)
FN:118,(anonymous_3)
FN:129,(anonymous_4)
FN:142,(anonymous_5)
FN:151,(anonymous_6)
FNF:7
FNH:0
FNDA:0,(anonymous_0)
FNDA:0,(anonymous_1)
FNDA:0,(anonymous_2)
FNDA:0,(anonymous_3)
FNDA:0,(anonymous_4)
FNDA:0,(anonymous_5)
FNDA:0,(anonymous_6)
DA:4,0
DA:5,0
DA:6,0
DA:7,0
DA:8,0
DA:9,0
DA:10,0
DA:11,0
DA:13,0
DA:16,0
DA:17,0
DA:20,0
DA:21,0
DA:22,0
DA:23,0
DA:24,0
DA:25,0
DA:26,0
DA:27,0
DA:28,0
DA:29,0
DA:30,0
DA:37,0
DA:38,0
DA:41,0
DA:42,0
DA:46,0
DA:47,0
DA:48,0
DA:54,0
DA:66,0
DA:68,0
DA:69,0
DA:70,0
DA:71,0
DA:73,0
DA:90,0
DA:101,0
DA:102,0
DA:104,0
DA:105,0
DA:110,0
DA:115,0
DA:116,0
DA:118,0
DA:119,0
DA:120,0
DA:121,0
DA:122,0
DA:124,0
DA:126,0
DA:129,0
DA:130,0
DA:131,0
DA:134,0
DA:135,0
DA:142,0
DA:143,0
DA:151,0
DA:152,0
DA:156,0
DA:159,0
DA:160,0
DA:161,0
DA:162,0
DA:163,0
DA:164,0
DA:165,0
DA:166,0
DA:167,0
DA:168,0
DA:179,0
DA:180,0
DA:182,0
LF:74
LH:0
BRDA:41,0,0,0
BRDA:41,0,1,0
BRDA:46,1,0,0
BRDA:46,1,1,0
BRDA:46,2,0,0
BRDA:46,2,1,0
BRDA:54,3,0,0
BRDA:54,3,1,0
BRDA:68,4,0,0
BRDA:68,4,1,0
BRDA:70,5,0,0
BRDA:70,5,1,0
BRDA:120,6,0,0
BRDA:120,6,1,0
BRDA:120,6,2,0
BRF:15
BRH:0
end_of_record
TN:
SF:src/config/database.js
FN:17,(anonymous_0)
FN:21,(anonymous_1)
FN:25,(anonymous_2)
FN:30,(anonymous_3)
FN:44,(anonymous_4)
FNF:5
FNH:0
FNDA:0,(anonymous_0)
FNDA:0,(anonymous_1)
FNDA:0,(anonymous_2)
FNDA:0,(anonymous_3)
FNDA:0,(anonymous_4)
DA:4,0
DA:5,0
DA:8,0
DA:17,0
DA:18,0
DA:21,0
DA:22,0
DA:25,0
DA:26,0
DA:30,0
DA:31,0
DA:32,0
DA:33,0
DA:34,0
DA:35,0
DA:36,0
DA:38,0
DA:39,0
DA:44,0
DA:45,0
DA:46,0
DA:47,0
DA:49,0
DA:53,0
LF:24
LH:0
BRDA:10,0,0,0
BRDA:10,0,1,0
BRF:2
BRH:0
end_of_record
TN:
SF:src/maintenance/retention.js
FN:12,run
FNF:1
FNH:0
FNDA:0,run
DA:4,0
DA:5,0
DA:7,0
DA:8,0
DA:9,0
DA:10,0
DA:13,0
DA:14,0
DA:15,0
DA:16,0
DA:17,0
DA:20,0
DA:21,0
DA:22,0
DA:23,0
DA:25,0
DA:26,0
DA:28,0
DA:29,0
DA:33,0
LF:20
LH:0
BRDA:7,0,0,0
BRDA:7,0,1,0
BRDA:8,1,0,0
BRDA:8,1,1,0
BRDA:9,2,0,0
BRDA:9,2,1,0
BRDA:10,3,0,0
BRDA:10,3,1,0
BRF:8
BRH:0
end_of_record
TN:
SF:src/middleware/auth.js
FN:10,authenticateToken
FN:25,(anonymous_1)
FN:47,authorizeAdmin
FN:66,authorizeRoles
FN:67,(anonymous_4)
FN:89,authorizeSuperAdmin
FNF:6
FNH:0
FNDA:0,authenticateToken
FNDA:0,(anonymous_1)
FNDA:0,authorizeAdmin
FNDA:0,authorizeRoles
FNDA:0,(anonymous_4)
FNDA:0,authorizeSuperAdmin
DA:4,0
DA:5,0
DA:11,0
DA:12,0
DA:14,0
DA:20,0
DA:21,0
DA:22,0
DA:25,0
DA:26,0
DA:27,0
DA:28,0
DA:31,0
DA:32,0
DA:38,0
DA:39,0
DA:40,0
DA:48,0
DA:49,0
DA:50,0
DA:53,0
DA:54,0
DA:55,0
DA:58,0
DA:59,0
DA:67,0
DA:68,0
DA:69,0
DA:73,0
DA:74,0
DA:77,0
DA:78,0
DA:79,0
DA:82,0
DA:90,0
DA:91,0
DA:94,0
DA:95,0
DA:96,0
DA:99,0
DA:102,0
LF:41
LH:0
BRDA:12,0,0,0
BRDA:12,0,1,0
BRDA:16,1,0,0
BRDA:16,1,1,0
BRDA:20,2,0,0
BRDA:20,2,1,0
BRDA:26,3,0,0
BRDA:26,3,1,0
BRDA:31,4,0,0
BRDA:31,4,1,0
BRDA:34,5,0,0
BRDA:34,5,1,0
BRDA:48,6,0,0
BRDA:48,6,1,0
BRDA:53,7,0,0
BRDA:53,7,1,0
BRDA:53,8,0,0
BRDA:53,8,1,0
BRDA:68,9,0,0
BRDA:68,9,1,0
BRDA:73,10,0,0
BRDA:73,10,1,0
BRDA:77,11,0,0
BRDA:77,11,1,0
BRDA:90,12,0,0
BRDA:90,12,1,0
BRDA:94,13,0,0
BRDA:94,13,1,0
BRF:28
BRH:0
end_of_record
TN:
SF:src/middleware/errorHandler.js
FN:9,notFoundHandler
FN:20,globalErrorHandler
FN:73,asyncHandler
FN:74,(anonymous_3)
FNF:4
FNH:0
FNDA:0,notFoundHandler
FNDA:0,globalErrorHandler
FNDA:0,asyncHandler
FNDA:0,(anonymous_3)
DA:4,0
DA:10,0
DA:11,0
DA:22,0
DA:31,0
DA:32,0
DA:38,0
DA:39,0
DA:44,0
DA:45,0
DA:51,0
DA:52,0
DA:59,0
DA:60,0
DA:64,0
DA:74,0
DA:75,0
DA:79,0
LF:18
LH:0
BRDA:27,0,0,0
BRDA:27,0,1,0
BRDA:31,1,0,0
BRDA:31,1,1,0
BRDA:38,2,0,0
BRDA:38,2,1,0
BRDA:44,3,0,0
BRDA:44,3,1,0
BRDA:51,4,0,0
BRDA:51,4,1,0
BRDA:59,5,0,0
BRDA:59,5,1,0
BRDA:59,5,2,0
BRDA:60,6,0,0
BRDA:60,6,1,0
BRDA:66,7,0,0
BRDA:66,7,1,0
BRF:17
BRH:0
end_of_record
TN:
SF:src/routes/adminExceptionRoutes.js
FN:13,parsePositiveInt
FN:19,parseMaybeInt
FN:26,(anonymous_2)
FNF:3
FNH:0
FNDA:0,parsePositiveInt
FNDA:0,parseMaybeInt
FNDA:0,(anonymous_2)
DA:4,0
DA:5,0
DA:6,0
DA:8,0
DA:10,0
DA:11,0
DA:14,0
DA:15,0
DA:16,0
DA:20,0
DA:21,0
DA:22,0
DA:26,0
DA:27,0
DA:28,0
DA:29,0
DA:31,0
DA:32,0
DA:33,0
DA:34,0
DA:35,0
DA:37,0
DA:38,0
DA:41,0
DA:42,0
DA:45,0
DA:46,0
DA:47,0
DA:49,0
DA:51,0
DA:52,0
DA:53,0
DA:55,0
DA:56,0
DA:57,0
DA:60,0
DA:61,0
DA:62,0
DA:65,0
DA:67,0
DA:68,0
DA:71,0
DA:72,0
DA:73,0
DA:76,0
DA:77,0
DA:78,0
DA:81,0
DA:82,0
DA:83,0
DA:86,0
DA:87,0
DA:88,0
DA:89,0
DA:91,0
DA:92,0
DA:93,0
DA:95,0
DA:100,0
DA:101,0
DA:103,0
DA:104,0
DA:105,0
DA:108,0
DA:150,0
DA:155,0
DA:156,0
DA:160,0
LF:68
LH:0
BRDA:14,0,0,0
BRDA:14,0,1,0
BRDA:15,1,0,0
BRDA:15,1,1,0
BRDA:15,2,0,0
BRDA:15,2,1,0
BRDA:20,3,0,0
BRDA:20,3,1,0
BRDA:21,4,0,0
BRDA:21,4,1,0
BRDA:27,5,0,0
BRDA:27,5,1,0
BRDA:28,6,0,0
BRDA:28,6,1,0
BRDA:29,7,0,0
BRDA:29,7,1,0
BRDA:34,8,0,0
BRDA:34,8,1,0
BRDA:35,9,0,0
BRDA:35,9,1,0
BRDA:37,10,0,0
BRDA:37,10,1,0
BRDA:37,11,0,0
BRDA:37,11,1,0
BRDA:41,12,0,0
BRDA:41,12,1,0
BRDA:41,13,0,0
BRDA:41,13,1,0
BRDA:55,14,0,0
BRDA:55,14,1,0
BRDA:60,15,0,0
BRDA:60,15,1,0
BRDA:65,16,0,0
BRDA:65,16,1,0
BRDA:71,17,0,0
BRDA:71,17,1,0
BRDA:76,18,0,0
BRDA:76,18,1,0
BRDA:81,19,0,0
BRDA:81,19,1,0
BRDA:86,20,0,0
BRDA:86,20,1,0
BRDA:87,21,0,0
BRDA:87,21,1,0
BRDA:91,22,0,0
BRDA:91,22,1,0
BRDA:104,23,0,0
BRDA:104,23,1,0
BRF:48
BRH:0
end_of_record
TN:
SF:src/routes/adminRoutes.js
FN:14,(anonymous_0)
FN:70,(anonymous_1)
FN:101,(anonymous_2)
FNF:3
FNH:0
FNDA:0,(anonymous_0)
FNDA:0,(anonymous_1)
FNDA:0,(anonymous_2)
DA:4,0
DA:5,0
DA:6,0
DA:7,0
DA:8,0
DA:9,0
DA:14,0
DA:15,0
DA:17,0
DA:21,0
DA:22,0
DA:25,0
DA:26,0
DA:29,0
DA:30,0
DA:31,0
DA:34,0
DA:35,0
DA:36,0
DA:39,0
DA:44,0
DA:45,0
DA:48,0
DA:51,0
DA:57,0
DA:58,0
DA:64,0
DA:65,0
DA:70,0
DA:71,0
DA:72,0
DA:73,0
DA:74,0
DA:77,0
DA:80,0
DA:81,0
DA:82,0
DA:84,0
DA:86,0
DA:91,0
DA:92,0
DA:94,0
DA:95,0
DA:101,0
DA:102,0
DA:104,0
DA:105,0
DA:106,0
DA:107,0
DA:109,0
DA:110,0
DA:111,0
DA:112,0
DA:113,0
DA:115,0
DA:116,0
DA:120,0
LF:57
LH:0
BRDA:17,0,0,0
BRDA:17,0,1,0
BRDA:17,0,2,0
BRDA:17,0,3,0
BRDA:17,0,4,0
BRDA:21,1,0,0
BRDA:21,1,1,0
BRDA:25,2,0,0
BRDA:25,2,1,0
BRDA:25,3,0,0
BRDA:25,3,1,0
BRDA:30,4,0,0
BRDA:30,4,1,0
BRDA:35,5,0,0
BRDA:35,5,1,0
BRDA:44,6,0,0
BRDA:44,6,1,0
BRDA:72,7,0,0
BRDA:72,7,1,0
BRDA:73,8,0,0
BRDA:73,8,1,0
BRDA:73,9,0,0
BRDA:73,9,1,0
BRDA:73,9,2,0
BRDA:73,9,3,0
BRDA:81,10,0,0
BRDA:81,10,1,0
BRDA:81,11,0,0
BRDA:81,11,1,0
BRDA:81,11,2,0
BRDA:91,12,0,0
BRDA:91,12,1,0
BRDA:102,13,0,0
BRDA:102,13,1,0
BRDA:104,14,0,0
BRDA:104,14,1,0
BRDA:104,15,0,0
BRDA:104,15,1,0
BRDA:105,16,0,0
BRDA:105,16,1,0
BRDA:105,17,0,0
BRDA:105,17,1,0
BRDA:106,18,0,0
BRDA:106,18,1,0
BRDA:106,19,0,0
BRDA:106,19,1,0
BRDA:107,20,0,0
BRDA:107,20,1,0
BRDA:107,21,0,0
BRDA:107,21,1,0
BRDA:112,22,0,0
BRDA:112,22,1,0
BRDA:112,22,2,0
BRF:53
BRH:0
end_of_record
TN:
SF:src/routes/analyticsRoutes.js
FN:13,(anonymous_0)
FN:100,(anonymous_1)
FN:153,(anonymous_2)
FN:160,(anonymous_3)
FN:162,(anonymous_4)
FN:164,(anonymous_5)
FN:165,(anonymous_6)
FN:167,(anonymous_7)
FN:167,(anonymous_8)
FN:168,(anonymous_9)
FN:168,(anonymous_10)
FN:169,(anonymous_11)
FN:170,(anonymous_12)
FN:181,(anonymous_13)
FN:268,(anonymous_14)
FNF:15
FNH:0
FNDA:0,(anonymous_0)
FNDA:0,(anonymous_1)
FNDA:0,(anonymous_2)
FNDA:0,(anonymous_3)
FNDA:0,(anonymous_4)
FNDA:0,(anonymous_5)
FNDA:0,(anonymous_6)
FNDA:0,(anonymous_7)
FNDA:0,(anonymous_8)
FNDA:0,(anonymous_9)
FNDA:0,(anonymous_10)
FNDA:0,(anonymous_11)
FNDA:0,(anonymous_12)
FNDA:0,(anonymous_13)
FNDA:0,(anonymous_14)
DA:4,0
DA:5,0
DA:6,0
DA:7,0
DA:8,0
DA:10,0
DA:13,0
DA:14,0
DA:16,0
DA:18,0
DA:19,0
DA:38,0
DA:39,0
DA:41,0
DA:42,0
DA:43,0
DA:44,0
DA:46,0
DA:47,0
DA:49,0
DA:52,0
DA:53,0
DA:54,0
DA:55,0
DA:58,0
DA:59,0
DA:60,0
DA:61,0
DA:64,0
DA:65,0
DA:66,0
DA:67,0
DA:70,0
DA:71,0
DA:72,0
DA:73,0
DA:74,0
DA:77,0
DA:78,0
DA:80,0
DA:82,0
DA:83,0
DA:85,0
DA:90,0
DA:91,0
DA:92,0
DA:100,0
DA:101,0
DA:103,0
DA:104,0
DA:114,0
DA:115,0
DA:117,0
DA:118,0
DA:119,0
DA:120,0
DA:123,0
DA:124,0
DA:125,0
DA:126,0
DA:127,0
DA:130,0
DA:132,0
DA:134,0
DA:140,0
DA:142,0
DA:147,0
DA:148,0
DA:153,0
DA:154,0
DA:155,0
DA:156,0
DA:157,0
DA:158,0
DA:159,0
DA:160,0
DA:161,0
DA:162,0
DA:163,0
DA:164,0
DA:165,0
DA:166,0
DA:167,0
DA:168,0
DA:169,0
DA:170,0
DA:171,0
DA:173,0
DA:174,0
DA:175,0
DA:176,0
DA:177,0
DA:181,0
DA:182,0
DA:184,0
DA:185,0
DA:186,0
DA:187,0
DA:189,0
DA:190,0
DA:200,0
DA:217,0
DA:232,0
DA:244,0
DA:246,0
DA:260,0
DA:262,0
DA:263,0
DA:268,0
DA:269,0
DA:271,0
DA:272,0
DA:288,0
DA:289,0
DA:291,0
DA:292,0
DA:293,0
DA:294,0
DA:297,0
DA:298,0
DA:299,0
DA:300,0
DA:303,0
DA:304,0
DA:306,0
DA:308,0
DA:313,0
DA:314,0
DA:318,0
LF:129
LH:0
BRDA:14,0,0,0
BRDA:41,1,0,0
BRDA:41,1,1,0
BRDA:42,2,0,0
BRDA:42,2,1,0
BRDA:52,3,0,0
BRDA:52,3,1,0
BRDA:58,4,0,0
BRDA:58,4,1,0
BRDA:64,5,0,0
BRDA:64,5,1,0
BRDA:70,6,0,0
BRDA:70,6,1,0
BRDA:94,7,0,0
BRDA:94,7,1,0
BRDA:117,8,0,0
BRDA:117,8,1,0
BRDA:123,9,0,0
BRDA:123,9,1,0
BRDA:140,10,0,0
BRDA:140,10,1,0
BRDA:155,11,0,0
BRDA:155,11,1,0
BRDA:155,12,0,0
BRDA:155,12,1,0
BRDA:158,13,0,0
BRDA:158,13,1,0
BRDA:164,14,0,0
BRDA:164,14,1,0
BRDA:166,15,0,0
BRDA:166,15,1,0
BRDA:170,16,0,0
BRDA:170,16,1,0
BRDA:171,17,0,0
BRDA:171,17,1,0
BRDA:171,18,0,0
BRDA:171,18,1,0
BRDA:171,19,0,0
BRDA:171,19,1,0
BRDA:171,20,0,0
BRDA:171,20,1,0
BRDA:171,21,0,0
BRDA:171,21,1,0
BRDA:171,22,0,0
BRDA:171,22,1,0
BRDA:171,23,0,0
BRDA:171,23,1,0
BRDA:182,24,0,0
BRDA:185,25,0,0
BRDA:185,25,1,0
BRDA:251,26,0,0
BRDA:251,26,1,0
BRDA:252,27,0,0
BRDA:252,27,1,0
BRDA:253,28,0,0
BRDA:253,28,1,0
BRDA:253,29,0,0
BRDA:253,29,1,0
BRDA:269,30,0,0
BRDA:291,31,0,0
BRDA:291,31,1,0
BRDA:297,32,0,0
BRDA:297,32,1,0
BRF:63
BRH:0
end_of_record
TN:
SF:src/routes/authRoutes.js
FN:16,(anonymous_0)
FN:20,(anonymous_1)
FN:30,(anonymous_2)
FN:39,(anonymous_3)
FN:62,(anonymous_4)
FNF:5
FNH:0
FNDA:0,(anonymous_0)
FNDA:0,(anonymous_1)
FNDA:0,(anonymous_2)
FNDA:0,(anonymous_3)
FNDA:0,(anonymous_4)
DA:4,0
DA:5,0
DA:6,0
DA:7,0
DA:8,0
DA:10,0
DA:17,0
DA:18,0
DA:21,0
DA:25,0
DA:31,0
DA:39,0
DA:40,0
DA:41,0
DA:43,0
DA:44,0
DA:47,0
DA:49,0
DA:51,0
DA:52,0
DA:54,0
DA:62,0
DA:63,0
DA:64,0
DA:66,0
DA:67,0
DA:70,0
DA:72,0
DA:74,0
DA:78,0
LF:30
LH:0
BRDA:17,0,0,0
BRDA:17,0,1,0
BRDA:17,1,0,0
BRDA:17,1,1,0
BRDA:43,2,0,0
BRDA:43,2,1,0
BRDA:43,3,0,0
BRDA:43,3,1,0
BRDA:51,4,0,0
BRDA:51,4,1,0
BRDA:66,5,0,0
BRDA:66,5,1,0
BRF:12
BRH:0
end_of_record
TN:
SF:src/routes/commentRoutes.js
FN:13,rateLimit
FN:25,(anonymous_1)
FN:105,(anonymous_2)
FN:148,(anonymous_3)
FN:207,(anonymous_4)
FN:232,(anonymous_5)
FN:250,(anonymous_6)
FN:274,(anonymous_7)
FN:288,(anonymous_8)
FN:292,(anonymous_9)
FN:311,(anonymous_10)
FN:338,(anonymous_11)
FN:339,(anonymous_12)
FN:352,(anonymous_13)
FN:377,ensurePinsTable
FN:388,ensureTaskPinsTable
FN:397,(anonymous_16)
FN:402,(anonymous_17)
FN:412,(anonymous_18)
FN:444,(anonymous_19)
FN:465,(anonymous_20)
FN:484,(anonymous_21)
FN:509,(anonymous_22)
FN:548,(anonymous_23)
FN:573,(anonymous_24)
FNF:25
FNH:0
FNDA:0,rateLimit
FNDA:0,(anonymous_1)
FNDA:0,(anonymous_2)
FNDA:0,(anonymous_3)
FNDA:0,(anonymous_4)
FNDA:0,(anonymous_5)
FNDA:0,(anonymous_6)
FNDA:0,(anonymous_7)
FNDA:0,(anonymous_8)
FNDA:0,(anonymous_9)
FNDA:0,(anonymous_10)
FNDA:0,(anonymous_11)
FNDA:0,(anonymous_12)
FNDA:0,(anonymous_13)
FNDA:0,ensurePinsTable
FNDA:0,ensureTaskPinsTable
FNDA:0,(anonymous_16)
FNDA:0,(anonymous_17)
FNDA:0,(anonymous_18)
FNDA:0,(anonymous_19)
FNDA:0,(anonymous_20)
FNDA:0,(anonymous_21)
FNDA:0,(anonymous_22)
FNDA:0,(anonymous_23)
FNDA:0,(anonymous_24)
DA:4,0
DA:5,0
DA:6,0
DA:7,0
DA:8,0
DA:10,0
DA:12,0
DA:14,0
DA:15,0
DA:16,0
DA:17,0
DA:18,0
DA:20,0
DA:21,0
DA:22,0
DA:25,0
DA:26,0
DA:27,0
DA:28,0
DA:29,0
DA:30,0
DA:31,0
DA:35,0
DA:36,0
DA:37,0
DA:44,0
DA:45,0
DA:46,0
DA:48,0
DA:49,0
DA:50,0
DA:53,0
DA:54,0
DA:55,0
DA:56,0
DA:57,0
DA:58,0
DA:59,0
DA:62,0
DA:63,0
DA:64,0
DA:65,0
DA:67,0
DA:92,0
DA:96,0
DA:98,0
DA:99,0
DA:101,0
DA:105,0
DA:106,0
DA:107,0
DA:108,0
DA:109,0
DA:111,0
DA:112,0
DA:114,0
DA:115,0
DA:117,0
DA:118,0
DA:121,0
DA:122,0
DA:123,0
DA:126,0
DA:127,0
DA:128,0
DA:130,0
DA:131,0
DA:132,0
DA:133,0
DA:136,0
DA:142,0
DA:144,0
DA:145,0
DA:147,0
DA:148,0
DA:152,0
DA:153,0
DA:158,0
DA:159,0
DA:164,0
DA:175,0
DA:177,0
DA:185,0
DA:191,0
DA:192,0
DA:193,0
DA:194,0
DA:201,0
DA:203,0
DA:207,0
DA:208,0
DA:209,0
DA:210,0
DA:211,0
DA:212,0
DA:214,0
DA:215,0
DA:216,0
DA:217,0
DA:218,0
DA:219,0
DA:220,0
DA:222,0
DA:224,0
DA:225,0
DA:227,0
DA:228,0
DA:232,0
DA:233,0
DA:234,0
DA:235,0
DA:236,0
DA:237,0
DA:238,0
DA:243,0
DA:245,0
DA:246,0
DA:250,0
DA:251,0
DA:252,0
DA:254,0
DA:255,0
DA:256,0
DA:257,0
DA:260,0
DA:267,0
DA:269,0
DA:270,0
DA:274,0
DA:275,0
DA:276,0
DA:278,0
DA:279,0
DA:284,0
DA:285,0
DA:288,0
DA:289,0
DA:292,0
DA:294,0
DA:301,0
DA:306,0
DA:307,0
DA:311,0
DA:312,0
DA:314,0
DA:315,0
DA:338,0
DA:339,0
DA:341,0
DA:347,0
DA:348,0
DA:352,0
DA:353,0
DA:354,0
DA:355,0
DA:356,0
DA:357,0
DA:370,0
DA:372,0
DA:373,0
DA:378,0
DA:389,0
DA:397,0
DA:398,0
DA:399,0
DA:400,0
DA:401,0
DA:402,0
DA:404,0
DA:405,0
DA:406,0
DA:412,0
DA:413,0
DA:414,0
DA:415,0
DA:416,0
DA:417,0
DA:418,0
DA:419,0
DA:421,0
DA:422,0
DA:426,0
DA:427,0
DA:431,0
DA:432,0
DA:434,0
DA:436,0
DA:437,0
DA:439,0
DA:440,0
DA:441,0
DA:444,0
DA:445,0
DA:446,0
DA:447,0
DA:448,0
DA:449,0
DA:450,0
DA:458,0
DA:460,0
DA:461,0
DA:462,0
DA:465,0
DA:466,0
DA:467,0
DA:468,0
DA:469,0
DA:470,0
DA:471,0
DA:472,0
DA:473,0
DA:475,0
DA:477,0
DA:479,0
DA:480,0
DA:481,0
DA:484,0
DA:485,0
DA:486,0
DA:487,0
DA:488,0
DA:489,0
DA:491,0
DA:492,0
DA:493,0
DA:494,0
DA:495,0
DA:496,0
DA:497,0
DA:499,0
DA:501,0
DA:502,0
DA:504,0
DA:505,0
DA:509,0
DA:510,0
DA:511,0
DA:512,0
DA:513,0
DA:515,0
DA:516,0
DA:523,0
DA:536,0
DA:541,0
DA:543,0
DA:544,0
DA:548,0
DA:549,0
DA:551,0
DA:552,0
DA:566,0
DA:568,0
DA:569,0
DA:573,0
DA:574,0
DA:575,0
DA:576,0
DA:577,0
DA:579,0
DA:580,0
DA:583,0
DA:584,0
DA:585,0
DA:587,0
DA:592,0
DA:593,0
DA:597,0
DA:598,0
DA:604,0
DA:606,0
DA:614,0
DA:621,0
DA:623,0
DA:624,0
DA:625,0
DA:627,0
DA:631,0
LF:277
LH:0
BRDA:13,0,0,0
BRDA:15,1,0,0
BRDA:15,1,1,0
BRDA:16,2,0,0
BRDA:16,2,1,0
BRDA:28,3,0,0
BRDA:28,3,1,0
BRDA:35,4,0,0
BRDA:35,4,1,0
BRDA:36,5,0,0
BRDA:36,5,1,0
BRDA:44,6,0,0
BRDA:44,6,1,0
BRDA:45,7,0,0
BRDA:45,7,1,0
BRDA:49,8,0,0
BRDA:49,8,1,0
BRDA:49,9,0,0
BRDA:49,9,1,0
BRDA:49,9,2,0
BRDA:55,10,0,0
BRDA:55,10,1,0
BRDA:57,11,0,0
BRDA:57,11,1,0
BRDA:92,12,0,0
BRDA:92,12,1,0
BRDA:107,13,0,0
BRDA:111,14,0,0
BRDA:111,14,1,0
BRDA:111,15,0,0
BRDA:111,15,1,0
BRDA:114,16,0,0
BRDA:114,16,1,0
BRDA:117,17,0,0
BRDA:117,17,1,0
BRDA:122,18,0,0
BRDA:122,18,1,0
BRDA:131,19,0,0
BRDA:131,19,1,0
BRDA:147,20,0,0
BRDA:147,20,1,0
BRDA:158,21,0,0
BRDA:158,21,1,0
BRDA:193,22,0,0
BRDA:193,22,1,0
BRDA:193,23,0,0
BRDA:193,23,1,0
BRDA:193,23,2,0
BRDA:193,24,0,0
BRDA:193,24,1,0
BRDA:211,25,0,0
BRDA:211,25,1,0
BRDA:216,26,0,0
BRDA:216,26,1,0
BRDA:219,27,0,0
BRDA:219,27,1,0
BRDA:220,28,0,0
BRDA:220,28,1,0
BRDA:220,29,0,0
BRDA:220,29,1,0
BRDA:237,30,0,0
BRDA:237,30,1,0
BRDA:256,31,0,0
BRDA:256,31,1,0
BRDA:284,32,0,0
BRDA:284,32,1,0
BRDA:354,33,0,0
BRDA:354,34,0,0
BRDA:355,35,0,0
BRDA:355,35,1,0
BRDA:365,36,0,0
BRDA:365,36,1,0
BRDA:415,37,0,0
BRDA:415,37,1,0
BRDA:421,38,0,0
BRDA:421,38,1,0
BRDA:426,39,0,0
BRDA:426,39,1,0
BRDA:431,40,0,0
BRDA:431,40,1,0
BRDA:472,41,0,0
BRDA:472,41,1,0
BRDA:488,42,0,0
BRDA:488,42,1,0
BRDA:493,43,0,0
BRDA:493,43,1,0
BRDA:496,44,0,0
BRDA:496,44,1,0
BRDA:497,45,0,0
BRDA:497,45,1,0
BRDA:497,46,0,0
BRDA:497,46,1,0
BRDA:521,47,0,0
BRDA:521,47,1,0
BRDA:579,48,0,0
BRDA:579,48,1,0
BRDA:579,49,0,0
BRDA:579,49,1,0
BRDA:592,50,0,0
BRDA:592,50,1,0
BRDA:597,51,0,0
BRDA:597,51,1,0
BRF:102
BRH:0
end_of_record
TN:
SF:src/routes/exceptionRoutes.js
FN:21,normalizeRole
FN:25,extractOrderChangeProposal
FN:32,fetchOrderResponsibleUser
FN:61,createTaskCommentAndMentions
FN:67,(anonymous_4)
FN:67,(anonymous_5)
FN:104,fetchAdminUserIds
FN:109,(anonymous_7)
FN:118,(anonymous_8)
FN:134,ensureAttachmentDir
FN:140,safeFilename
FN:147,normalizeReasonCode
FN:153,normalizeReasonText
FN:160,(anonymous_13)
FN:221,(anonymous_14)
FN:293,(anonymous_15)
FN:592,(anonymous_16)
FN:717,(anonymous_17)
FN:877,(anonymous_18)
FN:943,(anonymous_19)
FN:971,(anonymous_20)
FN:998,(anonymous_21)
FN:1013,(anonymous_22)
FNF:23
FNH:0
FNDA:0,normalizeRole
FNDA:0,extractOrderChangeProposal
FNDA:0,fetchOrderResponsibleUser
FNDA:0,createTaskCommentAndMentions
FNDA:0,(anonymous_4)
FNDA:0,(anonymous_5)
FNDA:0,fetchAdminUserIds
FNDA:0,(anonymous_7)
FNDA:0,(anonymous_8)
FNDA:0,ensureAttachmentDir
FNDA:0,safeFilename
FNDA:0,normalizeReasonCode
FNDA:0,normalizeReasonText
FNDA:0,(anonymous_13)
FNDA:0,(anonymous_14)
FNDA:0,(anonymous_15)
FNDA:0,(anonymous_16)
FNDA:0,(anonymous_17)
FNDA:0,(anonymous_18)
FNDA:0,(anonymous_19)
FNDA:0,(anonymous_20)
FNDA:0,(anonymous_21)
FNDA:0,(anonymous_22)
DA:4,0
DA:5,0
DA:6,0
DA:7,0
DA:8,0
DA:9,0
DA:10,0
DA:11,0
DA:12,0
DA:13,0
DA:15,0
DA:17,0
DA:18,0
DA:19,0
DA:22,0
DA:26,0
DA:27,0
DA:28,0
DA:29,0
DA:33,0
DA:51,0
DA:52,0
DA:53,0
DA:54,0
DA:62,0
DA:63,0
DA:65,0
DA:66,0
DA:67,0
DA:69,0
DA:76,0
DA:78,0
DA:79,0
DA:84,0
DA:93,0
DA:101,0
DA:105,0
DA:109,0
DA:112,0
DA:119,0
DA:120,0
DA:127,0
DA:128,0
DA:130,0
DA:135,0
DA:136,0
DA:137,0
DA:141,0
DA:142,0
DA:143,0
DA:144,0
DA:148,0
DA:149,0
DA:150,0
DA:154,0
DA:155,0
DA:156,0
DA:160,0
DA:161,0
DA:162,0
DA:164,0
DA:165,0
DA:168,0
DA:169,0
DA:170,0
DA:171,0
DA:172,0
DA:173,0
DA:176,0
DA:177,0
DA:178,0
DA:179,0
DA:180,0
DA:182,0
DA:185,0
DA:188,0
DA:205,0
DA:214,0
DA:215,0
DA:221,0
DA:222,0
DA:223,0
DA:224,0
DA:225,0
DA:227,0
DA:229,0
DA:230,0
DA:231,0
DA:233,0
DA:238,0
DA:239,0
DA:240,0
DA:243,0
DA:244,0
DA:245,0
DA:246,0
DA:249,0
DA:260,0
DA:262,0
DA:275,0
DA:281,0
DA:283,0
DA:284,0
DA:285,0
DA:287,0
DA:293,0
DA:294,0
DA:295,0
DA:296,0
DA:297,0
DA:299,0
DA:300,0
DA:303,0
DA:304,0
DA:306,0
DA:307,0
DA:310,0
DA:311,0
DA:313,0
DA:314,0
DA:315,0
DA:317,0
DA:337,0
DA:338,0
DA:339,0
DA:342,0
DA:343,0
DA:344,0
DA:347,0
DA:348,0
DA:349,0
DA:350,0
DA:355,0
DA:356,0
DA:357,0
DA:358,0
DA:359,0
DA:362,0
DA:363,0
DA:364,0
DA:365,0
DA:366,0
DA:368,0
DA:377,0
DA:378,0
DA:379,0
DA:380,0
DA:381,0
DA:385,0
DA:386,0
DA:393,0
DA:394,0
DA:395,0
DA:399,0
DA:422,0
DA:423,0
DA:426,0
DA:427,0
DA:428,0
DA:430,0
DA:431,0
DA:438,0
DA:446,0
DA:450,0
DA:452,0
DA:467,0
DA:477,0
DA:478,0
DA:482,0
DA:483,0
DA:485,0
DA:486,0
DA:491,0
DA:497,0
DA:498,0
DA:499,0
DA:500,0
DA:501,0
DA:510,0
DA:512,0
DA:513,0
DA:515,0
DA:519,0
DA:522,0
DA:528,0
DA:529,0
DA:532,0
DA:533,0
DA:536,0
DA:537,0
DA:544,0
DA:545,0
DA:546,0
DA:547,0
DA:548,0
DA:559,0
DA:560,0
DA:565,0
DA:569,0
DA:570,0
DA:573,0
DA:574,0
DA:575,0
DA:577,0
DA:586,0
DA:592,0
DA:593,0
DA:594,0
DA:595,0
DA:596,0
DA:598,0
DA:600,0
DA:601,0
DA:602,0
DA:609,0
DA:610,0
DA:611,0
DA:613,0
DA:614,0
DA:617,0
DA:618,0
DA:619,0
DA:622,0
DA:623,0
DA:624,0
DA:625,0
DA:627,0
DA:628,0
DA:629,0
DA:633,0
DA:637,0
DA:638,0
DA:639,0
DA:642,0
DA:643,0
DA:644,0
DA:647,0
DA:657,0
DA:666,0
DA:667,0
DA:668,0
DA:669,0
DA:670,0
DA:671,0
DA:682,0
DA:685,0
DA:687,0
DA:699,0
DA:705,0
DA:707,0
DA:708,0
DA:709,0
DA:711,0
DA:717,0
DA:718,0
DA:719,0
DA:720,0
DA:721,0
DA:723,0
DA:725,0
DA:726,0
DA:727,0
DA:729,0
DA:734,0
DA:735,0
DA:736,0
DA:739,0
DA:740,0
DA:741,0
DA:742,0
DA:745,0
DA:746,0
DA:747,0
DA:748,0
DA:749,0
DA:751,0
DA:752,0
DA:755,0
DA:756,0
DA:757,0
DA:758,0
DA:760,0
DA:768,0
DA:780,0
DA:782,0
DA:796,0
DA:802,0
DA:803,0
DA:806,0
DA:808,0
DA:809,0
DA:812,0
DA:813,0
DA:816,0
DA:817,0
DA:824,0
DA:825,0
DA:826,0
DA:827,0
DA:828,0
DA:839,0
DA:840,0
DA:845,0
DA:849,0
DA:850,0
DA:853,0
DA:854,0
DA:855,0
DA:858,0
DA:859,0
DA:860,0
DA:862,0
DA:871,0
DA:877,0
DA:878,0
DA:879,0
DA:880,0
DA:881,0
DA:883,0
DA:884,0
DA:886,0
DA:887,0
DA:894,0
DA:895,0
DA:907,0
DA:908,0
DA:909,0
DA:910,0
DA:912,0
DA:915,0
DA:929,0
DA:935,0
DA:937,0
DA:938,0
DA:943,0
DA:944,0
DA:946,0
DA:947,0
DA:951,0
DA:952,0
DA:955,0
DA:963,0
DA:965,0
DA:966,0
DA:971,0
DA:972,0
DA:974,0
DA:975,0
DA:982,0
DA:983,0
DA:986,0
DA:987,0
DA:988,0
DA:989,0
DA:992,0
DA:993,0
DA:994,0
DA:995,0
DA:997,0
DA:998,0
DA:999,0
DA:1000,0
DA:1001,0
DA:1004,0
DA:1006,0
DA:1007,0
DA:1013,0
DA:1014,0
DA:1015,0
DA:1016,0
DA:1018,0
DA:1019,0
DA:1022,0
DA:1023,0
DA:1024,0
DA:1026,0
DA:1030,0
DA:1031,0
DA:1032,0
DA:1035,0
DA:1036,0
DA:1038,0
DA:1039,0
DA:1040,0
DA:1046,0
DA:1047,0
DA:1048,0
DA:1050,0
DA:1053,0
DA:1055,0
DA:1071,0
DA:1074,0
DA:1076,0
DA:1078,0
DA:1079,0
DA:1080,0
DA:1082,0
DA:1086,0
LF:398
LH:0
BRDA:22,0,0,0
BRDA:22,0,1,0
BRDA:26,1,0,0
BRDA:26,1,1,0
BRDA:26,2,0,0
BRDA:26,2,1,0
BRDA:27,3,0,0
BRDA:27,3,1,0
BRDA:27,3,2,0
BRDA:28,4,0,0
BRDA:28,4,1,0
BRDA:51,5,0,0
BRDA:51,5,1,0
BRDA:53,6,0,0
BRDA:53,6,1,0
BRDA:55,7,0,0
BRDA:55,7,1,0
BRDA:56,8,0,0
BRDA:56,8,1,0
BRDA:57,9,0,0
BRDA:57,9,1,0
BRDA:62,10,0,0
BRDA:62,10,1,0
BRDA:63,11,0,0
BRDA:63,11,1,0
BRDA:65,12,0,0
BRDA:65,12,1,0
BRDA:65,13,0,0
BRDA:65,13,1,0
BRDA:65,13,2,0
BRDA:66,14,0,0
BRDA:66,14,1,0
BRDA:67,15,0,0
BRDA:67,15,1,0
BRDA:104,16,0,0
BRDA:107,17,0,0
BRDA:107,17,1,0
BRDA:109,18,0,0
BRDA:109,18,1,0
BRDA:119,19,0,0
BRDA:119,19,1,0
BRDA:127,20,0,0
BRDA:127,20,1,0
BRDA:127,21,0,0
BRDA:127,21,1,0
BRDA:140,22,0,0
BRDA:141,23,0,0
BRDA:141,23,1,0
BRDA:142,24,0,0
BRDA:142,24,1,0
BRDA:143,25,0,0
BRDA:143,25,1,0
BRDA:143,26,0,0
BRDA:143,26,1,0
BRDA:148,27,0,0
BRDA:148,27,1,0
BRDA:150,28,0,0
BRDA:150,28,1,0
BRDA:154,29,0,0
BRDA:154,29,1,0
BRDA:156,30,0,0
BRDA:156,30,1,0
BRDA:162,31,0,0
BRDA:162,31,1,0
BRDA:164,32,0,0
BRDA:164,32,1,0
BRDA:164,33,0,0
BRDA:164,33,1,0
BRDA:171,34,0,0
BRDA:171,34,1,0
BRDA:208,35,0,0
BRDA:208,35,1,0
BRDA:209,36,0,0
BRDA:209,36,1,0
BRDA:210,37,0,0
BRDA:210,37,1,0
BRDA:223,38,0,0
BRDA:223,38,1,0
BRDA:227,39,0,0
BRDA:227,39,1,0
BRDA:238,40,0,0
BRDA:238,40,1,0
BRDA:244,41,0,0
BRDA:244,41,1,0
BRDA:265,42,0,0
BRDA:265,42,1,0
BRDA:295,43,0,0
BRDA:295,43,1,0
BRDA:299,44,0,0
BRDA:299,44,1,0
BRDA:299,45,0,0
BRDA:299,45,1,0
BRDA:306,46,0,0
BRDA:306,46,1,0
BRDA:310,47,0,0
BRDA:310,47,1,0
BRDA:310,48,0,0
BRDA:310,48,1,0
BRDA:310,48,2,0
BRDA:337,49,0,0
BRDA:337,49,1,0
BRDA:342,50,0,0
BRDA:342,50,1,0
BRDA:347,51,0,0
BRDA:347,51,1,0
BRDA:347,52,0,0
BRDA:347,52,1,0
BRDA:348,53,0,0
BRDA:348,53,1,0
BRDA:348,54,0,0
BRDA:348,54,1,0
BRDA:348,54,2,0
BRDA:355,55,0,0
BRDA:355,55,1,0
BRDA:357,56,0,0
BRDA:357,56,1,0
BRDA:364,57,0,0
BRDA:364,57,1,0
BRDA:377,58,0,0
BRDA:377,58,1,0
BRDA:379,59,0,0
BRDA:379,59,1,0
BRDA:385,60,0,0
BRDA:385,60,1,0
BRDA:393,61,0,0
BRDA:393,61,1,0
BRDA:412,62,0,0
BRDA:412,62,1,0
BRDA:413,63,0,0
BRDA:413,63,1,0
BRDA:426,64,0,0
BRDA:426,64,1,0
BRDA:427,65,0,0
BRDA:427,65,1,0
BRDA:428,66,0,0
BRDA:428,66,1,0
BRDA:428,66,2,0
BRDA:428,66,3,0
BRDA:430,67,0,0
BRDA:430,67,1,0
BRDA:430,68,0,0
BRDA:430,68,1,0
BRDA:461,69,0,0
BRDA:461,69,1,0
BRDA:461,70,0,0
BRDA:461,70,1,0
BRDA:472,71,0,0
BRDA:472,71,1,0
BRDA:473,72,0,0
BRDA:473,72,1,0
BRDA:477,73,0,0
BRDA:477,73,1,0
BRDA:477,74,0,0
BRDA:477,74,1,0
BRDA:486,75,0,0
BRDA:486,75,1,0
BRDA:487,76,0,0
BRDA:487,76,1,0
BRDA:488,77,0,0
BRDA:488,77,1,0
BRDA:491,78,0,0
BRDA:491,78,1,0
BRDA:493,79,0,0
BRDA:493,79,1,0
BRDA:493,80,0,0
BRDA:493,80,1,0
BRDA:497,81,0,0
BRDA:497,81,1,0
BRDA:532,82,0,0
BRDA:532,82,1,0
BRDA:533,83,0,0
BRDA:533,83,1,0
BRDA:536,84,0,0
BRDA:536,84,1,0
BRDA:544,85,0,0
BRDA:544,85,1,0
BRDA:545,86,0,0
BRDA:545,86,1,0
BRDA:546,87,0,0
BRDA:546,87,1,0
BRDA:546,88,0,0
BRDA:546,88,1,0
BRDA:547,89,0,0
BRDA:547,89,1,0
BRDA:547,90,0,0
BRDA:547,90,1,0
BRDA:552,91,0,0
BRDA:552,91,1,0
BRDA:559,92,0,0
BRDA:559,92,1,0
BRDA:560,93,0,0
BRDA:560,93,1,0
BRDA:562,94,0,0
BRDA:562,94,1,0
BRDA:569,95,0,0
BRDA:569,95,1,0
BRDA:573,96,0,0
BRDA:573,96,1,0
BRDA:574,97,0,0
BRDA:574,97,1,0
BRDA:574,98,0,0
BRDA:574,98,1,0
BRDA:574,99,0,0
BRDA:574,99,1,0
BRDA:575,100,0,0
BRDA:575,100,1,0
BRDA:575,101,0,0
BRDA:575,101,1,0
BRDA:575,102,0,0
BRDA:575,102,1,0
BRDA:580,103,0,0
BRDA:580,103,1,0
BRDA:581,104,0,0
BRDA:581,104,1,0
BRDA:582,105,0,0
BRDA:582,105,1,0
BRDA:583,106,0,0
BRDA:583,106,1,0
BRDA:598,107,0,0
BRDA:598,107,1,0
BRDA:600,108,0,0
BRDA:600,108,1,0
BRDA:601,109,0,0
BRDA:601,109,1,0
BRDA:601,110,0,0
BRDA:601,110,1,0
BRDA:609,111,0,0
BRDA:609,111,1,0
BRDA:610,112,0,0
BRDA:610,112,1,0
BRDA:611,113,0,0
BRDA:611,113,1,0
BRDA:613,114,0,0
BRDA:613,114,1,0
BRDA:613,115,0,0
BRDA:613,115,1,0
BRDA:613,115,2,0
BRDA:622,116,0,0
BRDA:622,116,1,0
BRDA:624,117,0,0
BRDA:624,117,1,0
BRDA:625,118,0,0
BRDA:625,118,1,0
BRDA:627,119,0,0
BRDA:627,119,1,0
BRDA:627,120,0,0
BRDA:627,120,1,0
BRDA:627,120,2,0
BRDA:637,121,0,0
BRDA:637,121,1,0
BRDA:642,122,0,0
BRDA:642,122,1,0
BRDA:668,123,0,0
BRDA:668,123,1,0
BRDA:675,124,0,0
BRDA:675,124,1,0
BRDA:675,125,0,0
BRDA:675,125,1,0
BRDA:675,126,0,0
BRDA:675,126,1,0
BRDA:675,127,0,0
BRDA:675,127,1,0
BRDA:719,128,0,0
BRDA:719,128,1,0
BRDA:723,129,0,0
BRDA:723,129,1,0
BRDA:734,130,0,0
BRDA:734,130,1,0
BRDA:740,131,0,0
BRDA:740,131,1,0
BRDA:746,132,0,0
BRDA:746,132,1,0
BRDA:748,133,0,0
BRDA:748,133,1,0
BRDA:751,134,0,0
BRDA:751,134,1,0
BRDA:751,135,0,0
BRDA:751,135,1,0
BRDA:751,135,2,0
BRDA:755,136,0,0
BRDA:755,136,1,0
BRDA:756,137,0,0
BRDA:756,137,1,0
BRDA:777,138,0,0
BRDA:777,138,1,0
BRDA:785,139,0,0
BRDA:785,139,1,0
BRDA:790,140,0,0
BRDA:790,140,1,0
BRDA:802,141,0,0
BRDA:802,141,1,0
BRDA:812,142,0,0
BRDA:812,142,1,0
BRDA:813,143,0,0
BRDA:813,143,1,0
BRDA:816,144,0,0
BRDA:816,144,1,0
BRDA:824,145,0,0
BRDA:824,145,1,0
BRDA:825,146,0,0
BRDA:825,146,1,0
BRDA:826,147,0,0
BRDA:826,147,1,0
BRDA:826,148,0,0
BRDA:826,148,1,0
BRDA:827,149,0,0
BRDA:827,149,1,0
BRDA:827,150,0,0
BRDA:827,150,1,0
BRDA:832,151,0,0
BRDA:832,151,1,0
BRDA:839,152,0,0
BRDA:839,152,1,0
BRDA:840,153,0,0
BRDA:840,153,1,0
BRDA:842,154,0,0
BRDA:842,154,1,0
BRDA:849,155,0,0
BRDA:849,155,1,0
BRDA:853,156,0,0
BRDA:853,156,1,0
BRDA:854,157,0,0
BRDA:854,157,1,0
BRDA:854,158,0,0
BRDA:854,158,1,0
BRDA:855,159,0,0
BRDA:855,159,1,0
BRDA:857,160,0,0
BRDA:857,160,1,0
BRDA:858,161,0,0
BRDA:858,161,1,0
BRDA:859,162,0,0
BRDA:859,162,1,0
BRDA:859,163,0,0
BRDA:859,163,1,0
BRDA:859,164,0,0
BRDA:859,164,1,0
BRDA:860,165,0,0
BRDA:860,165,1,0
BRDA:860,166,0,0
BRDA:860,166,1,0
BRDA:860,167,0,0
BRDA:860,167,1,0
BRDA:865,168,0,0
BRDA:865,168,1,0
BRDA:866,169,0,0
BRDA:866,169,1,0
BRDA:867,170,0,0
BRDA:867,170,1,0
BRDA:868,171,0,0
BRDA:868,171,1,0
BRDA:879,172,0,0
BRDA:879,172,1,0
BRDA:883,173,0,0
BRDA:883,173,1,0
BRDA:884,174,0,0
BRDA:884,174,1,0
BRDA:886,175,0,0
BRDA:886,175,1,0
BRDA:886,176,0,0
BRDA:886,176,1,0
BRDA:907,177,0,0
BRDA:907,177,1,0
BRDA:909,178,0,0
BRDA:909,178,1,0
BRDA:951,179,0,0
BRDA:951,179,1,0
BRDA:982,180,0,0
BRDA:982,180,1,0
BRDA:988,181,0,0
BRDA:988,181,1,0
BRDA:992,182,0,0
BRDA:992,182,1,0
BRDA:993,183,0,0
BRDA:993,183,1,0
BRDA:994,184,0,0
BRDA:994,184,1,0
BRDA:994,185,0,0
BRDA:994,185,1,0
BRDA:994,186,0,0
BRDA:994,186,1,0
BRDA:995,187,0,0
BRDA:995,187,1,0
BRDA:1000,188,0,0
BRDA:1000,188,1,0
BRDA:1016,189,0,0
BRDA:1016,189,1,0
BRDA:1018,190,0,0
BRDA:1018,190,1,0
BRDA:1030,191,0,0
BRDA:1030,191,1,0
BRDA:1039,192,0,0
BRDA:1039,192,1,0
BRDA:1040,193,0,0
BRDA:1040,193,1,0
BRDA:1041,194,0,0
BRDA:1041,194,1,0
BRDA:1042,195,0,0
BRDA:1042,195,1,0
BRDA:1043,196,0,0
BRDA:1043,196,1,0
BRDA:1047,197,0,0
BRDA:1047,197,1,0
BRDA:1064,198,0,0
BRDA:1064,198,1,0
BRDA:1065,199,0,0
BRDA:1065,199,1,0
BRDA:1066,200,0,0
BRDA:1066,200,1,0
BRDA:1067,201,0,0
BRDA:1067,201,1,0
BRF:411
BRH:0
end_of_record
TN:
SF:src/routes/maintenanceRoutes.js
FN:11,(anonymous_0)
FN:90,(anonymous_1)
FN:169,(anonymous_2)
FN:178,(anonymous_3)
FN:187,(anonymous_4)
FNF:5
FNH:0
FNDA:0,(anonymous_0)
FNDA:0,(anonymous_1)
FNDA:0,(anonymous_2)
FNDA:0,(anonymous_3)
FNDA:0,(anonymous_4)
DA:4,0
DA:5,0
DA:6,0
DA:7,0
DA:9,0
DA:11,0
DA:12,0
DA:13,0
DA:14,0
DA:16,0
DA:22,0
DA:23,0
DA:24,0
DA:31,0
DA:33,0
DA:37,0
DA:39,0
DA:51,0
DA:53,0
DA:58,0
DA:62,0
DA:64,0
DA:66,0
DA:68,0
DA:70,0
DA:78,0
DA:79,0
DA:80,0
DA:86,0
DA:90,0
DA:91,0
DA:92,0
DA:93,0
DA:95,0
DA:101,0
DA:102,0
DA:103,0
DA:110,0
DA:112,0
DA:116,0
DA:118,0
DA:130,0
DA:132,0
DA:137,0
DA:141,0
DA:143,0
DA:145,0
DA:147,0
DA:149,0
DA:157,0
DA:158,0
DA:159,0
DA:165,0
DA:169,0
DA:170,0
DA:171,0
DA:177,0
DA:178,0
DA:182,0
DA:183,0
DA:187,0
DA:188,0
DA:189,0
DA:197,0
DA:199,0
DA:200,0
DA:201,0
DA:207,0
DA:214,0
DA:215,0
DA:219,0
LF:71
LH:0
BRDA:22,0,0,0
BRDA:22,0,1,0
BRDA:101,1,0,0
BRDA:101,1,1,0
BRDA:199,2,0,0
BRDA:199,2,1,0
BRF:6
BRH:0
end_of_record
TN:
SF:src/routes/orderRoutes.js
FN:16,hasOpenExceptions
FN:36,hasOpenOrderChange
FN:67,(anonymous_2)
FN:88,(anonymous_3)
FN:93,(anonymous_4)
FN:99,(anonymous_5)
FN:133,(anonymous_6)
FN:213,(anonymous_7)
FN:276,(anonymous_8)
FN:305,(anonymous_9)
FN:307,(anonymous_10)
FN:308,(anonymous_11)
FN:374,(anonymous_12)
FN:388,(anonymous_13)
FN:445,(anonymous_14)
FN:457,(anonymous_15)
FN:468,extractLabeledValue
FN:479,(anonymous_17)
FN:531,(anonymous_18)
FN:543,(anonymous_19)
FN:547,(anonymous_20)
FN:548,(anonymous_21)
FN:550,(anonymous_22)
FN:555,(anonymous_23)
FN:661,(anonymous_24)
FN:874,(anonymous_25)
FN:876,(anonymous_26)
FN:877,(anonymous_27)
FN:936,(anonymous_28)
FN:950,(anonymous_29)
FN:967,(anonymous_30)
FN:1093,(anonymous_31)
FNF:32
FNH:0
FNDA:0,hasOpenExceptions
FNDA:0,hasOpenOrderChange
FNDA:0,(anonymous_2)
FNDA:0,(anonymous_3)
FNDA:0,(anonymous_4)
FNDA:0,(anonymous_5)
FNDA:0,(anonymous_6)
FNDA:0,(anonymous_7)
FNDA:0,(anonymous_8)
FNDA:0,(anonymous_9)
FNDA:0,(anonymous_10)
FNDA:0,(anonymous_11)
FNDA:0,(anonymous_12)
FNDA:0,(anonymous_13)
FNDA:0,(anonymous_14)
FNDA:0,(anonymous_15)
FNDA:0,extractLabeledValue
FNDA:0,(anonymous_17)
FNDA:0,(anonymous_18)
FNDA:0,(anonymous_19)
FNDA:0,(anonymous_20)
FNDA:0,(anonymous_21)
FNDA:0,(anonymous_22)
FNDA:0,(anonymous_23)
FNDA:0,(anonymous_24)
FNDA:0,(anonymous_25)
FNDA:0,(anonymous_26)
FNDA:0,(anonymous_27)
FNDA:0,(anonymous_28)
FNDA:0,(anonymous_29)
FNDA:0,(anonymous_30)
FNDA:0,(anonymous_31)
DA:4,0
DA:5,0
DA:6,0
DA:7,0
DA:8,0
DA:9,0
DA:10,0
DA:11,0
DA:12,0
DA:14,0
DA:17,0
DA:18,0
DA:26,0
DA:29,0
DA:30,0
DA:32,0
DA:37,0
DA:38,0
DA:46,0
DA:49,0
DA:50,0
DA:52,0
DA:56,0
DA:64,0
DA:68,0
DA:69,0
DA:70,0
DA:71,0
DA:73,0
DA:74,0
DA:77,0
DA:79,0
DA:83,0
DA:90,0
DA:91,0
DA:94,0
DA:99,0
DA:100,0
DA:101,0
DA:102,0
DA:103,0
DA:104,0
DA:106,0
DA:107,0
DA:110,0
DA:111,0
DA:114,0
DA:122,0
DA:127,0
DA:128,0
DA:133,0
DA:134,0
DA:135,0
DA:136,0
DA:137,0
DA:139,0
DA:140,0
DA:143,0
DA:144,0
DA:146,0
DA:147,0
DA:148,0
DA:153,0
DA:154,0
DA:155,0
DA:158,0
DA:160,0
DA:161,0
DA:165,0
DA:172,0
DA:173,0
DA:174,0
DA:176,0
DA:177,0
DA:178,0
DA:179,0
DA:181,0
DA:185,0
DA:192,0
DA:193,0
DA:195,0
DA:198,0
DA:202,0
DA:207,0
DA:208,0
DA:213,0
DA:214,0
DA:215,0
DA:216,0
DA:217,0
DA:218,0
DA:220,0
DA:221,0
DA:224,0
DA:225,0
DA:226,0
DA:227,0
DA:228,0
DA:229,0
DA:230,0
DA:231,0
DA:233,0
DA:236,0
DA:237,0
DA:238,0
DA:239,0
DA:241,0
DA:242,0
DA:243,0
DA:244,0
DA:245,0
DA:246,0
DA:247,0
DA:248,0
DA:249,0
DA:250,0
DA:251,0
DA:253,0
DA:254,0
DA:255,0
DA:257,0
DA:258,0
DA:259,0
DA:261,0
DA:262,0
DA:263,0
DA:264,0
DA:265,0
DA:267,0
DA:268,0
DA:269,0
DA:271,0
DA:276,0
DA:277,0
DA:278,0
DA:279,0
DA:281,0
DA:282,0
DA:284,0
DA:288,0
DA:289,0
DA:290,0
DA:292,0
DA:294,0
DA:295,0
DA:301,0
DA:302,0
DA:304,0
DA:305,0
DA:306,0
DA:307,0
DA:308,0
DA:310,0
DA:311,0
DA:312,0
DA:315,0
DA:316,0
DA:317,0
DA:319,0
DA:324,0
DA:325,0
DA:328,0
DA:329,0
DA:330,0
DA:332,0
DA:333,0
DA:335,0
DA:336,0
DA:337,0
DA:342,0
DA:343,0
DA:344,0
DA:345,0
DA:348,0
DA:350,0
DA:351,0
DA:354,0
DA:358,0
DA:359,0
DA:364,0
DA:366,0
DA:367,0
DA:369,0
DA:374,0
DA:375,0
DA:376,0
DA:377,0
DA:378,0
DA:379,0
DA:380,0
DA:381,0
DA:382,0
DA:388,0
DA:389,0
DA:390,0
DA:391,0
DA:393,0
DA:394,0
DA:397,0
DA:398,0
DA:399,0
DA:403,0
DA:404,0
DA:408,0
DA:413,0
DA:414,0
DA:417,0
DA:425,0
DA:431,0
DA:432,0
DA:437,0
DA:438,0
DA:445,0
DA:446,0
DA:447,0
DA:448,0
DA:451,0
DA:452,0
DA:453,0
DA:457,0
DA:458,0
DA:459,0
DA:460,0
DA:461,0
DA:462,0
DA:463,0
DA:464,0
DA:465,0
DA:466,0
DA:469,0
DA:470,0
DA:471,0
DA:472,0
DA:473,0
DA:474,0
DA:475,0
DA:476,0
DA:477,0
DA:479,0
DA:480,0
DA:483,0
DA:484,0
DA:485,0
DA:486,0
DA:490,0
DA:491,0
DA:492,0
DA:493,0
DA:497,0
DA:501,0
DA:502,0
DA:505,0
DA:506,0
DA:507,0
DA:508,0
DA:510,0
DA:511,0
DA:512,0
DA:513,0
DA:516,0
DA:517,0
DA:519,0
DA:521,0
DA:522,0
DA:523,0
DA:524,0
DA:526,0
DA:527,0
DA:528,0
DA:529,0
DA:531,0
DA:532,0
DA:533,0
DA:535,0
DA:536,0
DA:537,0
DA:540,0
DA:543,0
DA:544,0
DA:545,0
DA:547,0
DA:548,0
DA:550,0
DA:551,0
DA:552,0
DA:555,0
DA:556,0
DA:557,0
DA:560,0
DA:561,0
DA:562,0
DA:564,0
DA:565,0
DA:566,0
DA:569,0
DA:570,0
DA:571,0
DA:572,0
DA:575,0
DA:576,0
DA:578,0
DA:579,0
DA:581,0
DA:582,0
DA:583,0
DA:584,0
DA:589,0
DA:590,0
DA:593,0
DA:594,0
DA:595,0
DA:597,0
DA:598,0
DA:599,0
DA:602,0
DA:604,0
DA:605,0
DA:606,0
DA:609,0
DA:612,0
DA:615,0
DA:616,0
DA:621,0
DA:623,0
DA:624,0
DA:625,0
DA:626,0
DA:627,0
DA:628,0
DA:629,0
DA:630,0
DA:631,0
DA:632,0
DA:633,0
DA:635,0
DA:641,0
DA:642,0
DA:643,0
DA:648,0
DA:649,0
DA:650,0
DA:651,0
DA:653,0
DA:654,0
DA:656,0
DA:661,0
DA:662,0
DA:663,0
DA:664,0
DA:665,0
DA:667,0
DA:668,0
DA:671,0
DA:672,0
DA:673,0
DA:676,0
DA:677,0
DA:678,0
DA:679,0
DA:680,0
DA:681,0
DA:683,0
DA:684,0
DA:685,0
DA:688,0
DA:689,0
DA:690,0
DA:691,0
DA:695,0
DA:696,0
DA:697,0
DA:698,0
DA:699,0
DA:704,0
DA:705,0
DA:706,0
DA:707,0
DA:708,0
DA:711,0
DA:712,0
DA:714,0
DA:716,0
DA:717,0
DA:720,0
DA:729,0
DA:730,0
DA:734,0
DA:735,0
DA:738,0
DA:739,0
DA:743,0
DA:744,0
DA:747,0
DA:748,0
DA:758,0
DA:759,0
DA:760,0
DA:761,0
DA:762,0
DA:763,0
DA:764,0
DA:769,0
DA:770,0
DA:771,0
DA:772,0
DA:773,0
DA:774,0
DA:775,0
DA:776,0
DA:794,0
DA:795,0
DA:818,0
DA:848,0
DA:849,0
DA:850,0
DA:852,0
DA:853,0
DA:854,0
DA:855,0
DA:856,0
DA:857,0
DA:858,0
DA:859,0
DA:860,0
DA:862,0
DA:865,0
DA:866,0
DA:871,0
DA:872,0
DA:873,0
DA:874,0
DA:875,0
DA:876,0
DA:877,0
DA:879,0
DA:880,0
DA:881,0
DA:884,0
DA:885,0
DA:886,0
DA:888,0
DA:893,0
DA:894,0
DA:897,0
DA:898,0
DA:899,0
DA:900,0
DA:901,0
DA:902,0
DA:907,0
DA:908,0
DA:909,0
DA:910,0
DA:913,0
DA:915,0
DA:916,0
DA:919,0
DA:920,0
DA:921,0
DA:925,0
DA:927,0
DA:928,0
DA:929,0
DA:931,0
DA:936,0
DA:937,0
DA:938,0
DA:940,0
DA:941,0
DA:944,0
DA:945,0
DA:950,0
DA:951,0
DA:954,0
DA:959,0
DA:960,0
DA:967,0
DA:968,0
DA:969,0
DA:970,0
DA:971,0
DA:973,0
DA:974,0
DA:977,0
DA:978,0
DA:979,0
DA:981,0
DA:982,0
DA:986,0
DA:987,0
DA:988,0
DA:993,0
DA:999,0
DA:1001,0
DA:1002,0
DA:1003,0
DA:1006,0
DA:1009,0
DA:1015,0
DA:1023,0
DA:1024,0
DA:1031,0
DA:1032,0
DA:1067,0
DA:1070,0
DA:1073,0
DA:1081,0
DA:1084,0
DA:1085,0
DA:1086,0
DA:1088,0
DA:1093,0
DA:1094,0
DA:1095,0
DA:1112,0
DA:1113,0
DA:1115,0
DA:1116,0
DA:1120,0
LF:519
LH:0
BRDA:29,0,0,0
BRDA:29,0,1,0
BRDA:29,1,0,0
BRDA:29,1,1,0
BRDA:29,1,2,0
BRDA:29,2,0,0
BRDA:29,2,1,0
BRDA:49,3,0,0
BRDA:49,3,1,0
BRDA:49,4,0,0
BRDA:49,4,1,0
BRDA:49,4,2,0
BRDA:49,5,0,0
BRDA:49,5,1,0
BRDA:68,6,0,0
BRDA:68,6,1,0
BRDA:70,7,0,0
BRDA:70,7,1,0
BRDA:70,7,2,0
BRDA:71,8,0,0
BRDA:71,8,1,0
BRDA:73,9,0,0
BRDA:73,9,1,0
BRDA:73,10,0,0
BRDA:73,10,1,0
BRDA:90,11,0,0
BRDA:90,11,1,0
BRDA:91,12,0,0
BRDA:91,12,1,0
BRDA:104,13,0,0
BRDA:104,13,1,0
BRDA:106,14,0,0
BRDA:106,14,1,0
BRDA:106,15,0,0
BRDA:106,15,1,0
BRDA:110,16,0,0
BRDA:110,16,1,0
BRDA:110,17,0,0
BRDA:110,17,1,0
BRDA:110,17,2,0
BRDA:136,18,0,0
BRDA:136,18,1,0
BRDA:139,19,0,0
BRDA:139,19,1,0
BRDA:139,20,0,0
BRDA:139,20,1,0
BRDA:153,21,0,0
BRDA:153,21,1,0
BRDA:160,22,0,0
BRDA:160,22,1,0
BRDA:160,23,0,0
BRDA:160,23,1,0
BRDA:160,23,2,0
BRDA:174,24,0,0
BRDA:174,24,1,0
BRDA:174,25,0,0
BRDA:174,25,1,0
BRDA:174,25,2,0
BRDA:177,26,0,0
BRDA:177,26,1,0
BRDA:216,27,0,0
BRDA:216,27,1,0
BRDA:220,28,0,0
BRDA:220,28,1,0
BRDA:228,29,0,0
BRDA:228,29,1,0
BRDA:237,30,0,0
BRDA:237,30,1,0
BRDA:243,31,0,0
BRDA:243,31,1,0
BRDA:243,32,0,0
BRDA:243,32,1,0
BRDA:243,32,2,0
BRDA:247,33,0,0
BRDA:247,33,1,0
BRDA:247,34,0,0
BRDA:247,34,1,0
BRDA:247,34,2,0
BRDA:249,35,0,0
BRDA:249,35,1,0
BRDA:288,36,0,0
BRDA:288,36,1,0
BRDA:306,37,0,0
BRDA:306,37,1,0
BRDA:307,38,0,0
BRDA:307,38,1,0
BRDA:308,39,0,0
BRDA:308,39,1,0
BRDA:310,40,0,0
BRDA:310,40,1,0
BRDA:311,41,0,0
BRDA:311,41,1,0
BRDA:312,42,0,0
BRDA:312,42,1,0
BRDA:315,43,0,0
BRDA:315,43,1,0
BRDA:319,44,0,0
BRDA:319,44,1,0
BRDA:328,45,0,0
BRDA:328,45,1,0
BRDA:328,46,0,0
BRDA:328,46,1,0
BRDA:328,46,2,0
BRDA:330,47,0,0
BRDA:330,47,1,0
BRDA:342,48,0,0
BRDA:342,48,1,0
BRDA:342,49,0,0
BRDA:342,49,1,0
BRDA:342,49,2,0
BRDA:350,50,0,0
BRDA:350,50,1,0
BRDA:379,51,0,0
BRDA:379,51,1,0
BRDA:393,52,0,0
BRDA:393,52,1,0
BRDA:398,53,0,0
BRDA:398,53,1,0
BRDA:403,54,0,0
BRDA:403,54,1,0
BRDA:413,55,0,0
BRDA:413,55,1,0
BRDA:433,56,0,0
BRDA:433,56,1,0
BRDA:448,57,0,0
BRDA:448,57,1,0
BRDA:451,58,0,0
BRDA:451,58,1,0
BRDA:459,59,0,0
BRDA:459,59,1,0
BRDA:469,60,0,0
BRDA:469,60,1,0
BRDA:471,61,0,0
BRDA:471,61,1,0
BRDA:475,62,0,0
BRDA:475,62,1,0
BRDA:475,63,0,0
BRDA:475,63,1,0
BRDA:477,64,0,0
BRDA:477,64,1,0
BRDA:480,65,0,0
BRDA:480,65,1,0
BRDA:484,66,0,0
BRDA:484,66,1,0
BRDA:486,67,0,0
BRDA:486,67,1,0
BRDA:491,68,0,0
BRDA:491,68,1,0
BRDA:491,69,0,0
BRDA:491,69,1,0
BRDA:493,70,0,0
BRDA:493,70,1,0
BRDA:505,71,0,0
BRDA:505,71,1,0
BRDA:506,72,0,0
BRDA:506,72,1,0
BRDA:508,73,0,0
BRDA:508,73,1,0
BRDA:510,74,0,0
BRDA:510,74,1,0
BRDA:511,75,0,0
BRDA:511,75,1,0
BRDA:513,76,0,0
BRDA:513,76,1,0
BRDA:516,77,0,0
BRDA:516,77,1,0
BRDA:517,78,0,0
BRDA:517,78,1,0
BRDA:519,79,0,0
BRDA:519,79,1,0
BRDA:522,80,0,0
BRDA:522,80,1,0
BRDA:531,81,0,0
BRDA:531,81,1,0
BRDA:533,82,0,0
BRDA:533,82,1,0
BRDA:533,82,2,0
BRDA:540,83,0,0
BRDA:540,83,1,0
BRDA:545,84,0,0
BRDA:545,84,1,0
BRDA:545,84,2,0
BRDA:552,85,0,0
BRDA:552,85,1,0
BRDA:552,85,2,0
BRDA:557,86,0,0
BRDA:557,86,1,0
BRDA:557,86,2,0
BRDA:560,87,0,0
BRDA:560,87,1,0
BRDA:560,88,0,0
BRDA:560,88,1,0
BRDA:560,88,2,0
BRDA:566,89,0,0
BRDA:566,89,1,0
BRDA:566,90,0,0
BRDA:566,90,1,0
BRDA:566,90,2,0
BRDA:572,91,0,0
BRDA:572,91,1,0
BRDA:572,92,0,0
BRDA:572,92,1,0
BRDA:578,93,0,0
BRDA:578,93,1,0
BRDA:578,94,0,0
BRDA:578,94,1,0
BRDA:582,95,0,0
BRDA:582,95,1,0
BRDA:589,96,0,0
BRDA:589,96,1,0
BRDA:593,97,0,0
BRDA:593,97,1,0
BRDA:593,98,0,0
BRDA:593,98,1,0
BRDA:593,98,2,0
BRDA:593,98,3,0
BRDA:593,98,4,0
BRDA:597,99,0,0
BRDA:597,99,1,0
BRDA:598,100,0,0
BRDA:598,100,1,0
BRDA:606,101,0,0
BRDA:606,101,1,0
BRDA:612,102,0,0
BRDA:612,102,1,0
BRDA:612,103,0,0
BRDA:612,103,1,0
BRDA:615,104,0,0
BRDA:615,104,1,0
BRDA:615,105,0,0
BRDA:615,105,1,0
BRDA:615,105,2,0
BRDA:621,106,0,0
BRDA:621,106,1,0
BRDA:626,107,0,0
BRDA:626,107,1,0
BRDA:626,108,0,0
BRDA:626,108,1,0
BRDA:629,109,0,0
BRDA:629,109,1,0
BRDA:632,110,0,0
BRDA:632,110,1,0
BRDA:632,111,0,0
BRDA:632,111,1,0
BRDA:662,112,0,0
BRDA:664,113,0,0
BRDA:664,113,1,0
BRDA:667,114,0,0
BRDA:667,114,1,0
BRDA:667,115,0,0
BRDA:667,115,1,0
BRDA:667,115,2,0
BRDA:671,116,0,0
BRDA:671,116,1,0
BRDA:672,117,0,0
BRDA:672,117,1,0
BRDA:679,118,0,0
BRDA:679,118,1,0
BRDA:680,119,0,0
BRDA:680,119,1,0
BRDA:680,120,0,0
BRDA:680,120,1,0
BRDA:684,121,0,0
BRDA:684,121,1,0
BRDA:689,122,0,0
BRDA:689,122,1,0
BRDA:695,123,0,0
BRDA:695,123,1,0
BRDA:697,124,0,0
BRDA:697,124,1,0
BRDA:704,125,0,0
BRDA:704,125,1,0
BRDA:704,126,0,0
BRDA:704,126,1,0
BRDA:707,127,0,0
BRDA:707,127,1,0
BRDA:711,128,0,0
BRDA:711,128,1,0
BRDA:711,129,0,0
BRDA:711,129,1,0
BRDA:711,129,2,0
BRDA:711,129,3,0
BRDA:711,129,4,0
BRDA:711,129,5,0
BRDA:729,130,0,0
BRDA:729,130,1,0
BRDA:734,131,0,0
BRDA:734,131,1,0
BRDA:735,132,0,0
BRDA:735,132,1,0
BRDA:735,132,2,0
BRDA:738,133,0,0
BRDA:738,133,1,0
BRDA:738,134,0,0
BRDA:738,134,1,0
BRDA:738,134,2,0
BRDA:743,135,0,0
BRDA:743,135,1,0
BRDA:747,136,0,0
BRDA:747,136,1,0
BRDA:758,137,0,0
BRDA:758,137,1,0
BRDA:761,138,0,0
BRDA:761,138,1,0
BRDA:769,139,0,0
BRDA:769,139,1,0
BRDA:772,140,0,0
BRDA:772,140,1,0
BRDA:772,141,0,0
BRDA:772,141,1,0
BRDA:773,142,0,0
BRDA:773,142,1,0
BRDA:773,143,0,0
BRDA:773,143,1,0
BRDA:794,144,0,0
BRDA:794,144,1,0
BRDA:848,145,0,0
BRDA:848,145,1,0
BRDA:853,146,0,0
BRDA:853,146,1,0
BRDA:855,147,0,0
BRDA:855,147,1,0
BRDA:855,148,0,0
BRDA:855,148,1,0
BRDA:857,149,0,0
BRDA:857,149,1,0
BRDA:859,150,0,0
BRDA:859,150,1,0
BRDA:859,151,0,0
BRDA:859,151,1,0
BRDA:875,152,0,0
BRDA:875,152,1,0
BRDA:876,153,0,0
BRDA:876,153,1,0
BRDA:877,154,0,0
BRDA:877,154,1,0
BRDA:879,155,0,0
BRDA:879,155,1,0
BRDA:880,156,0,0
BRDA:880,156,1,0
BRDA:881,157,0,0
BRDA:881,157,1,0
BRDA:884,158,0,0
BRDA:884,158,1,0
BRDA:888,159,0,0
BRDA:888,159,1,0
BRDA:897,160,0,0
BRDA:897,160,1,0
BRDA:897,161,0,0
BRDA:897,161,1,0
BRDA:897,161,2,0
BRDA:899,162,0,0
BRDA:899,162,1,0
BRDA:907,163,0,0
BRDA:907,163,1,0
BRDA:907,164,0,0
BRDA:907,164,1,0
BRDA:907,164,2,0
BRDA:915,165,0,0
BRDA:915,165,1,0
BRDA:940,166,0,0
BRDA:940,166,1,0
BRDA:940,167,0,0
BRDA:940,167,1,0
BRDA:973,168,0,0
BRDA:973,168,1,0
BRDA:973,169,0,0
BRDA:973,169,1,0
BRDA:973,169,2,0
BRDA:981,170,0,0
BRDA:981,170,1,0
BRDA:986,171,0,0
BRDA:986,171,1,0
BRDA:1001,172,0,0
BRDA:1001,172,1,0
BRDA:1031,173,0,0
BRDA:1031,173,1,0
BRF:377
BRH:0
end_of_record
TN:
SF:src/routes/taskRoutes.js
FN:11,(anonymous_0)
FN:93,(anonymous_1)
FN:105,(anonymous_2)
FNF:3
FNH:0
FNDA:0,(anonymous_0)
FNDA:0,(anonymous_1)
FNDA:0,(anonymous_2)
DA:4,0
DA:5,0
DA:6,0
DA:7,0
DA:11,0
DA:12,0
DA:13,0
DA:14,0
DA:15,0
DA:16,0
DA:18,0
DA:69,0
DA:70,0
DA:71,0
DA:72,0
DA:73,0
DA:75,0
DA:77,0
DA:78,0
DA:83,0
DA:93,0
DA:94,0
DA:95,0
DA:96,0
DA:98,0
DA:99,0
DA:105,0
DA:106,0
DA:107,0
DA:108,0
DA:109,0
DA:110,0
DA:111,0
DA:112,0
DA:114,0
DA:115,0
DA:116,0
DA:119,0
DA:120,0
DA:122,0
DA:123,0
DA:125,0
DA:127,0
DA:128,0
DA:129,0
DA:133,0
DA:134,0
DA:135,0
DA:136,0
DA:137,0
DA:138,0
DA:139,0
DA:140,0
DA:142,0
DA:146,0
DA:147,0
DA:153,0
DA:154,0
DA:157,0
DA:179,0
DA:181,0
DA:182,0
DA:184,0
DA:185,0
DA:189,0
LF:65
LH:0
BRDA:14,0,0,0
BRDA:14,0,1,0
BRDA:16,1,0,0
BRDA:16,1,1,0
BRDA:72,2,0,0
BRDA:72,2,1,0
BRDA:86,3,0,0
BRDA:86,3,1,0
BRDA:108,4,0,0
BRDA:108,4,1,0
BRDA:109,5,0,0
BRDA:109,5,1,0
BRDA:110,6,0,0
BRDA:110,6,1,0
BRDA:111,7,0,0
BRDA:111,7,1,0
BRDA:120,8,0,0
BRDA:120,8,1,0
BRDA:123,9,0,0
BRDA:123,9,1,0
BRDA:133,10,0,0
BRDA:133,10,1,0
BRDA:137,11,0,0
BRDA:137,11,1,0
BRDA:146,12,0,0
BRDA:146,12,1,0
BRF:26
BRH:0
end_of_record
TN:
SF:src/routes/teamBoardRoutes.js
FN:25,(anonymous_0)
FN:41,ensureAttachmentDir
FN:47,safeExt
FN:54,getGeneralChannelId
FN:64,parseIdList
FN:67,(anonymous_5)
FN:68,(anonymous_6)
FN:72,canManagePost
FN:95,(anonymous_8)
FN:106,(anonymous_9)
FN:180,(anonymous_10)
FN:240,(anonymous_11)
FN:312,(anonymous_12)
FN:345,(anonymous_13)
FN:376,(anonymous_14)
FN:397,(anonymous_15)
FN:425,(anonymous_16)
FN:438,(anonymous_17)
FNF:18
FNH:0
FNDA:0,(anonymous_0)
FNDA:0,ensureAttachmentDir
FNDA:0,safeExt
FNDA:0,getGeneralChannelId
FNDA:0,parseIdList
FNDA:0,(anonymous_5)
FNDA:0,(anonymous_6)
FNDA:0,canManagePost
FNDA:0,(anonymous_8)
FNDA:0,(anonymous_9)
FNDA:0,(anonymous_10)
FNDA:0,(anonymous_11)
FNDA:0,(anonymous_12)
FNDA:0,(anonymous_13)
FNDA:0,(anonymous_14)
FNDA:0,(anonymous_15)
FNDA:0,(anonymous_16)
FNDA:0,(anonymous_17)
DA:4,0
DA:5,0
DA:6,0
DA:7,0
DA:8,0
DA:9,0
DA:10,0
DA:11,0
DA:13,0
DA:15,0
DA:16,0
DA:17,0
DA:19,0
DA:26,0
DA:27,0
DA:34,0
DA:35,0
DA:37,0
DA:42,0
DA:43,0
DA:44,0
DA:48,0
DA:49,0
DA:50,0
DA:51,0
DA:55,0
DA:56,0
DA:58,0
DA:61,0
DA:65,0
DA:66,0
DA:67,0
DA:68,0
DA:69,0
DA:73,0
DA:74,0
DA:75,0
DA:77,0
DA:88,0
DA:89,0
DA:90,0
DA:91,0
DA:95,0
DA:96,0
DA:97,0
DA:98,0
DA:100,0
DA:101,0
DA:106,0
DA:107,0
DA:108,0
DA:109,0
DA:111,0
DA:112,0
DA:113,0
DA:115,0
DA:116,0
DA:117,0
DA:119,0
DA:120,0
DA:122,0
DA:123,0
DA:124,0
DA:125,0
DA:128,0
DA:129,0
DA:130,0
DA:131,0
DA:134,0
DA:135,0
DA:136,0
DA:139,0
DA:169,0
DA:171,0
DA:172,0
DA:174,0
DA:180,0
DA:181,0
DA:182,0
DA:183,0
DA:185,0
DA:186,0
DA:188,0
DA:189,0
DA:191,0
DA:192,0
DA:194,0
DA:196,0
DA:197,0
DA:199,0
DA:201,0
DA:202,0
DA:203,0
DA:205,0
DA:207,0
DA:215,0
DA:217,0
DA:218,0
DA:225,0
DA:227,0
DA:229,0
DA:231,0
DA:232,0
DA:233,0
DA:235,0
DA:240,0
DA:241,0
DA:242,0
DA:243,0
DA:245,0
DA:246,0
DA:247,0
DA:266,0
DA:268,0
DA:277,0
DA:285,0
DA:294,0
DA:303,0
DA:304,0
DA:306,0
DA:312,0
DA:313,0
DA:314,0
DA:315,0
DA:316,0
DA:318,0
DA:319,0
DA:321,0
DA:322,0
DA:323,0
DA:324,0
DA:325,0
DA:327,0
DA:331,0
DA:333,0
DA:334,0
DA:336,0
DA:337,0
DA:339,0
DA:345,0
DA:346,0
DA:347,0
DA:348,0
DA:349,0
DA:351,0
DA:352,0
DA:354,0
DA:356,0
DA:357,0
DA:358,0
DA:360,0
DA:367,0
DA:368,0
DA:370,0
DA:371,0
DA:376,0
DA:377,0
DA:378,0
DA:379,0
DA:381,0
DA:382,0
DA:389,0
DA:391,0
DA:392,0
DA:397,0
DA:398,0
DA:399,0
DA:400,0
DA:402,0
DA:403,0
DA:406,0
DA:407,0
DA:413,0
DA:415,0
DA:416,0
DA:417,0
DA:419,0
DA:420,0
DA:421,0
DA:422,0
DA:424,0
DA:425,0
DA:426,0
DA:427,0
DA:429,0
DA:431,0
DA:432,0
DA:438,0
DA:439,0
DA:440,0
DA:441,0
DA:442,0
DA:444,0
DA:445,0
DA:447,0
DA:449,0
DA:450,0
DA:451,0
DA:453,0
DA:454,0
DA:455,0
DA:456,0
DA:459,0
DA:460,0
DA:462,0
DA:463,0
DA:464,0
DA:470,0
DA:471,0
DA:472,0
DA:473,0
DA:475,0
DA:477,0
DA:492,0
DA:495,0
DA:497,0
DA:499,0
DA:501,0
DA:502,0
DA:503,0
DA:505,0
DA:509,0
LF:222
LH:0
BRDA:26,0,0,0
BRDA:26,0,1,0
BRDA:34,1,0,0
BRDA:34,1,1,0
BRDA:34,2,0,0
BRDA:34,2,1,0
BRDA:47,3,0,0
BRDA:48,4,0,0
BRDA:48,4,1,0
BRDA:49,5,0,0
BRDA:49,5,1,0
BRDA:50,6,0,0
BRDA:50,6,1,0
BRDA:50,7,0,0
BRDA:50,7,1,0
BRDA:56,8,0,0
BRDA:56,8,1,0
BRDA:64,9,0,0
BRDA:65,10,0,0
BRDA:65,10,1,0
BRDA:68,11,0,0
BRDA:68,11,1,0
BRDA:73,12,0,0
BRDA:73,12,1,0
BRDA:74,13,0,0
BRDA:74,13,1,0
BRDA:75,14,0,0
BRDA:75,14,1,0
BRDA:75,15,0,0
BRDA:75,15,1,0
BRDA:88,16,0,0
BRDA:88,16,1,0
BRDA:90,17,0,0
BRDA:90,17,1,0
BRDA:107,18,0,0
BRDA:107,18,1,0
BRDA:108,19,0,0
BRDA:108,19,1,0
BRDA:109,20,0,0
BRDA:109,20,1,0
BRDA:111,21,0,0
BRDA:111,21,1,0
BRDA:111,22,0,0
BRDA:111,22,1,0
BRDA:112,23,0,0
BRDA:112,23,1,0
BRDA:112,24,0,0
BRDA:112,24,1,0
BRDA:117,25,0,0
BRDA:117,25,1,0
BRDA:122,26,0,0
BRDA:122,26,1,0
BRDA:123,27,0,0
BRDA:123,27,1,0
BRDA:128,28,0,0
BRDA:128,28,1,0
BRDA:129,29,0,0
BRDA:129,29,1,0
BRDA:134,30,0,0
BRDA:134,30,1,0
BRDA:181,31,0,0
BRDA:181,31,1,0
BRDA:185,32,0,0
BRDA:185,32,1,0
BRDA:186,33,0,0
BRDA:186,33,1,0
BRDA:188,34,0,0
BRDA:188,34,1,0
BRDA:189,35,0,0
BRDA:189,35,1,0
BRDA:191,36,0,0
BRDA:191,36,1,0
BRDA:192,37,0,0
BRDA:192,37,1,0
BRDA:194,38,0,0
BRDA:194,38,1,0
BRDA:194,39,0,0
BRDA:194,39,1,0
BRDA:196,40,0,0
BRDA:196,40,1,0
BRDA:197,41,0,0
BRDA:197,41,1,0
BRDA:197,42,0,0
BRDA:197,42,1,0
BRDA:199,43,0,0
BRDA:199,43,1,0
BRDA:205,44,0,0
BRDA:205,44,1,0
BRDA:243,45,0,0
BRDA:243,45,1,0
BRDA:266,46,0,0
BRDA:266,46,1,0
BRDA:315,47,0,0
BRDA:315,47,1,0
BRDA:316,48,0,0
BRDA:316,48,1,0
BRDA:318,49,0,0
BRDA:318,49,1,0
BRDA:319,50,0,0
BRDA:319,50,1,0
BRDA:325,51,0,0
BRDA:325,51,1,0
BRDA:331,52,0,0
BRDA:331,52,1,0
BRDA:349,53,0,0
BRDA:349,53,1,0
BRDA:351,54,0,0
BRDA:351,54,1,0
BRDA:352,55,0,0
BRDA:352,55,1,0
BRDA:358,56,0,0
BRDA:358,56,1,0
BRDA:379,57,0,0
BRDA:379,57,1,0
BRDA:402,58,0,0
BRDA:402,58,1,0
BRDA:402,59,0,0
BRDA:402,59,1,0
BRDA:413,60,0,0
BRDA:413,60,1,0
BRDA:417,61,0,0
BRDA:417,61,1,0
BRDA:419,62,0,0
BRDA:419,62,1,0
BRDA:420,63,0,0
BRDA:420,63,1,0
BRDA:421,64,0,0
BRDA:421,64,1,0
BRDA:421,65,0,0
BRDA:421,65,1,0
BRDA:421,66,0,0
BRDA:421,66,1,0
BRDA:422,67,0,0
BRDA:422,67,1,0
BRDA:427,68,0,0
BRDA:427,68,1,0
BRDA:442,69,0,0
BRDA:442,69,1,0
BRDA:444,70,0,0
BRDA:444,70,1,0
BRDA:445,71,0,0
BRDA:445,71,1,0
BRDA:454,72,0,0
BRDA:454,72,1,0
BRDA:463,73,0,0
BRDA:463,73,1,0
BRDA:464,74,0,0
BRDA:464,74,1,0
BRDA:465,75,0,0
BRDA:465,75,1,0
BRDA:466,76,0,0
BRDA:466,76,1,0
BRDA:467,77,0,0
BRDA:467,77,1,0
BRDA:471,78,0,0
BRDA:471,78,1,0
BRDA:485,79,0,0
BRDA:485,79,1,0
BRDA:486,80,0,0
BRDA:486,80,1,0
BRDA:487,81,0,0
BRDA:487,81,1,0
BRDA:488,82,0,0
BRDA:488,82,1,0
BRF:164
BRH:0
end_of_record
TN:
SF:src/routes/userRoutes.js
FN:17,(anonymous_0)
FN:51,(anonymous_1)
FN:64,(anonymous_2)
FN:80,(anonymous_3)
FN:124,(anonymous_4)
FNF:5
FNH:0
FNDA:0,(anonymous_0)
FNDA:0,(anonymous_1)
FNDA:0,(anonymous_2)
FNDA:0,(anonymous_3)
FNDA:0,(anonymous_4)
DA:4,0
DA:5,0
DA:6,0
DA:7,0
DA:8,0
DA:11,0
DA:17,0
DA:18,0
DA:19,0
DA:21,0
DA:22,0
DA:25,0
DA:26,0
DA:29,0
DA:30,0
DA:33,0
DA:35,0
DA:40,0
DA:41,0
DA:43,0
DA:51,0
DA:52,0
DA:53,0
DA:54,0
DA:56,0
DA:64,0
DA:65,0
DA:66,0
DA:67,0
DA:69,0
DA:70,0
DA:72,0
DA:80,0
DA:81,0
DA:82,0
DA:83,0
DA:84,0
DA:87,0
DA:88,0
DA:89,0
DA:92,0
DA:95,0
DA:96,0
DA:99,0
DA:102,0
DA:103,0
DA:106,0
DA:108,0
DA:113,0
DA:114,0
DA:116,0
DA:124,0
DA:125,0
DA:126,0
DA:127,0
DA:129,0
DA:130,0
DA:131,0
DA:134,0
DA:135,0
DA:136,0
DA:139,0
DA:140,0
DA:142,0
DA:143,0
DA:145,0
DA:149,0
LF:67
LH:0
BRDA:21,0,0,0
BRDA:21,0,1,0
BRDA:21,1,0,0
BRDA:21,1,1,0
BRDA:21,1,2,0
BRDA:21,1,3,0
BRDA:25,2,0,0
BRDA:25,2,1,0
BRDA:29,3,0,0
BRDA:29,3,1,0
BRDA:29,4,0,0
BRDA:29,4,1,0
BRDA:29,4,2,0
BRDA:40,5,0,0
BRDA:40,5,1,0
BRDA:69,6,0,0
BRDA:69,6,1,0
BRDA:88,7,0,0
BRDA:88,7,1,0
BRDA:92,8,0,0
BRDA:92,8,1,0
BRDA:95,9,0,0
BRDA:95,9,1,0
BRDA:95,10,0,0
BRDA:95,10,1,0
BRDA:99,11,0,0
BRDA:99,11,1,0
BRDA:102,12,0,0
BRDA:102,12,1,0
BRDA:102,13,0,0
BRDA:102,13,1,0
BRDA:102,13,2,0
BRDA:113,14,0,0
BRDA:113,14,1,0
BRDA:130,15,0,0
BRDA:130,15,1,0
BRDA:134,16,0,0
BRDA:134,16,1,0
BRDA:135,17,0,0
BRDA:135,17,1,0
BRDA:135,18,0,0
BRDA:135,18,1,0
BRDA:142,19,0,0
BRDA:142,19,1,0
BRF:44
BRH:0
end_of_record
TN:
SF:src/services/authService.js
FN:16,(anonymous_0)
FN:76,(anonymous_1)
FN:91,(anonymous_2)
FNF:3
FNH:2
FNDA:3,(anonymous_0)
FNDA:2,(anonymous_1)
FNDA:0,(anonymous_2)
DA:4,1
DA:5,1
DA:6,1
DA:7,1
DA:17,3
DA:18,3
DA:21,3
DA:26,3
DA:27,1
DA:28,1
DA:31,2
DA:34,2
DA:35,2
DA:36,1
DA:37,1
DA:40,1
DA:43,1
DA:54,1
DA:56,1
DA:66,2
DA:67,2
DA:77,2
DA:78,2
DA:79,1
DA:81,1
DA:82,1
DA:92,0
DA:93,0
DA:95,0
DA:96,0
DA:97,0
DA:100,0
DA:101,0
DA:102,0
DA:104,0
DA:105,0
DA:110,0
DA:111,0
DA:114,0
DA:115,0
DA:116,0
DA:117,0
DA:120,0
DA:122,0
DA:124,0
DA:125,0
DA:127,0
DA:128,0
DA:133,1
LF:49
LH:27
BRDA:26,0,0,1
BRDA:26,0,1,2
BRDA:35,1,0,1
BRDA:35,1,1,1
BRDA:40,2,0,1
BRDA:40,2,1,0
BRDA:54,3,0,1
BRDA:54,3,1,0
BRDA:95,4,0,0
BRDA:95,4,1,0
BRDA:96,5,0,0
BRDA:96,5,1,0
BRDA:102,6,0,0
BRDA:102,6,1,0
BRDA:104,7,0,0
BRDA:104,7,1,0
BRDA:104,8,0,0
BRDA:104,8,1,0
BRDA:104,8,2,0
BRDA:110,9,0,0
BRDA:110,9,1,0
BRDA:115,10,0,0
BRDA:115,10,1,0
BRDA:116,11,0,0
BRDA:116,11,1,0
BRDA:117,12,0,0
BRDA:117,12,1,0
BRDA:117,13,0,0
BRDA:117,13,1,0
BRF:29
BRH:6
end_of_record
TN:
SF:src/services/operationLogService.js
FN:16,logOperation
FNF:1
FNH:0
FNDA:0,logOperation
DA:4,0
DA:5,0
DA:17,0
DA:18,0
DA:23,0
DA:24,0
DA:25,0
DA:26,0
DA:28,0
DA:42,0
DA:44,0
DA:48,0
LF:12
LH:0
BRDA:23,0,0,0
BRDA:23,0,1,0
BRF:2
BRH:0
end_of_record
TN:
SF:src/services/orderChangeService.js
FN:6,isNonEmptyString
FN:10,normalizeBarcode
FN:15,normalizeProductName
FN:20,normalizeNote
FN:25,parseSnList
FN:29,(anonymous_5)
FN:30,(anonymous_6)
FN:31,(anonymous_7)
FN:46,normalizeQuantityChange
FN:54,validateOrderChangeProposal
FN:100,hasAnyOpenOrderChange
FN:119,fetchOrderItemsByBarcodeForUpdate
FN:130,fetchInstancesForOrderItemIdsForUpdate
FN:142,sumBy
FN:143,(anonymous_14)
FN:146,normalizeOrderStatusForRollback
FN:151,rollbackNonSnQuantities
FN:176,ensureNoDuplicateSerialsInOrder
FN:194,pickInstancesToRemove
FN:196,(anonymous_19)
FN:196,(anonymous_20)
FN:212,applyOrderChangeProposal
FN:240,(anonymous_22)
FN:337,(anonymous_23)
FN:348,(anonymous_24)
FN:359,(anonymous_25)
FN:384,(anonymous_26)
FN:385,(anonymous_27)
FN:390,(anonymous_28)
FN:476,(anonymous_29)
FNF:30
FNH:0
FNDA:0,isNonEmptyString
FNDA:0,normalizeBarcode
FNDA:0,normalizeProductName
FNDA:0,normalizeNote
FNDA:0,parseSnList
FNDA:0,(anonymous_5)
FNDA:0,(anonymous_6)
FNDA:0,(anonymous_7)
FNDA:0,normalizeQuantityChange
FNDA:0,validateOrderChangeProposal
FNDA:0,hasAnyOpenOrderChange
FNDA:0,fetchOrderItemsByBarcodeForUpdate
FNDA:0,fetchInstancesForOrderItemIdsForUpdate
FNDA:0,sumBy
FNDA:0,(anonymous_14)
FNDA:0,normalizeOrderStatusForRollback
FNDA:0,rollbackNonSnQuantities
FNDA:0,ensureNoDuplicateSerialsInOrder
FNDA:0,pickInstancesToRemove
FNDA:0,(anonymous_19)
FNDA:0,(anonymous_20)
FNDA:0,applyOrderChangeProposal
FNDA:0,(anonymous_22)
FNDA:0,(anonymous_23)
FNDA:0,(anonymous_24)
FNDA:0,(anonymous_25)
FNDA:0,(anonymous_26)
FNDA:0,(anonymous_27)
FNDA:0,(anonymous_28)
FNDA:0,(anonymous_29)
DA:4,0
DA:7,0
DA:11,0
DA:12,0
DA:16,0
DA:17,0
DA:21,0
DA:22,0
DA:26,0
DA:27,0
DA:28,0
DA:29,0
DA:30,0
DA:31,0
DA:35,0
DA:36,0
DA:37,0
DA:38,0
DA:39,0
DA:40,0
DA:41,0
DA:43,0
DA:47,0
DA:48,0
DA:49,0
DA:50,0
DA:51,0
DA:55,0
DA:56,0
DA:57,0
DA:60,0
DA:61,0
DA:64,0
DA:66,0
DA:67,0
DA:68,0
DA:69,0
DA:70,0
DA:71,0
DA:72,0
DA:74,0
DA:75,0
DA:76,0
DA:79,0
DA:80,0
DA:81,0
DA:87,0
DA:88,0
DA:89,0
DA:90,0
DA:94,0
DA:97,0
DA:101,0
DA:102,0
DA:109,0
DA:112,0
DA:113,0
DA:115,0
DA:120,0
DA:131,0
DA:132,0
DA:143,0
DA:147,0
DA:148,0
DA:152,0
DA:153,0
DA:154,0
DA:156,0
DA:157,0
DA:159,0
DA:160,0
DA:161,0
DA:163,0
DA:173,0
DA:177,0
DA:178,0
DA:186,0
DA:187,0
DA:188,0
DA:189,0
DA:190,0
DA:196,0
DA:197,0
DA:198,0
DA:199,0
DA:201,0
DA:202,0
DA:203,0
DA:204,0
DA:205,0
DA:207,0
DA:209,0
DA:213,0
DA:214,0
DA:215,0
DA:216,0
DA:217,0
DA:221,0
DA:222,0
DA:223,0
DA:224,0
DA:225,0
DA:227,0
DA:228,0
DA:230,0
DA:232,0
DA:233,0
DA:235,0
DA:236,0
DA:237,0
DA:238,0
DA:240,0
DA:241,0
DA:242,0
DA:243,0
DA:246,0
DA:247,0
DA:248,0
DA:249,0
DA:251,0
DA:252,0
DA:253,0
DA:254,0
DA:260,0
DA:262,0
DA:263,0
DA:267,0
DA:268,0
DA:269,0
DA:270,0
DA:271,0
DA:274,0
DA:280,0
DA:282,0
DA:283,0
DA:289,0
DA:298,0
DA:303,0
DA:305,0
DA:306,0
DA:307,0
DA:308,0
DA:311,0
DA:313,0
DA:314,0
DA:315,0
DA:321,0
DA:329,0
DA:332,0
DA:333,0
DA:337,0
DA:338,0
DA:339,0
DA:340,0
DA:342,0
DA:343,0
DA:344,0
DA:345,0
DA:348,0
DA:349,0
DA:350,0
DA:352,0
DA:353,0
DA:354,0
DA:355,0
DA:356,0
DA:359,0
DA:360,0
DA:361,0
DA:362,0
DA:363,0
DA:364,0
DA:366,0
DA:367,0
DA:368,0
DA:369,0
DA:371,0
DA:373,0
DA:374,0
DA:377,0
DA:378,0
DA:379,0
DA:380,0
DA:384,0
DA:385,0
DA:389,0
DA:390,0
DA:391,0
DA:392,0
DA:393,0
DA:394,0
DA:395,0
DA:396,0
DA:397,0
DA:401,0
DA:413,0
DA:422,0
DA:426,0
DA:432,0
DA:433,0
DA:434,0
DA:435,0
DA:436,0
DA:439,0
DA:445,0
DA:452,0
DA:455,0
DA:456,0
DA:457,0
DA:458,0
DA:462,0
DA:464,0
DA:467,0
DA:470,0
DA:475,0
DA:476,0
DA:479,0
DA:481,0
DA:484,0
DA:496,0
DA:497,0
DA:499,0
DA:502,0
DA:511,0
LF:224
LH:0
BRDA:7,0,0,0
BRDA:7,0,1,0
BRDA:11,1,0,0
BRDA:11,1,1,0
BRDA:16,2,0,0
BRDA:16,2,1,0
BRDA:21,3,0,0
BRDA:21,3,1,0
BRDA:26,4,0,0
BRDA:26,4,1,0
BRDA:27,5,0,0
BRDA:27,5,1,0
BRDA:29,6,0,0
BRDA:29,6,1,0
BRDA:39,7,0,0
BRDA:39,7,1,0
BRDA:48,8,0,0
BRDA:48,8,1,0
BRDA:50,9,0,0
BRDA:50,9,1,0
BRDA:56,10,0,0
BRDA:56,10,1,0
BRDA:60,11,0,0
BRDA:60,11,1,0
BRDA:60,12,0,0
BRDA:60,12,1,0
BRDA:74,13,0,0
BRDA:74,13,1,0
BRDA:75,14,0,0
BRDA:75,14,1,0
BRDA:76,15,0,0
BRDA:76,15,1,0
BRDA:79,16,0,0
BRDA:79,16,1,0
BRDA:79,17,0,0
BRDA:79,17,1,0
BRDA:80,18,0,0
BRDA:80,18,1,0
BRDA:87,19,0,0
BRDA:87,19,1,0
BRDA:87,20,0,0
BRDA:87,20,1,0
BRDA:87,20,2,0
BRDA:89,21,0,0
BRDA:89,21,1,0
BRDA:112,22,0,0
BRDA:112,22,1,0
BRDA:112,23,0,0
BRDA:112,23,1,0
BRDA:112,23,2,0
BRDA:112,24,0,0
BRDA:112,24,1,0
BRDA:131,25,0,0
BRDA:131,25,1,0
BRDA:143,26,0,0
BRDA:143,26,1,0
BRDA:147,27,0,0
BRDA:147,27,1,0
BRDA:152,28,0,0
BRDA:152,28,1,0
BRDA:153,29,0,0
BRDA:153,29,1,0
BRDA:154,30,0,0
BRDA:154,30,1,0
BRDA:159,31,0,0
BRDA:159,31,1,0
BRDA:160,32,0,0
BRDA:160,32,1,0
BRDA:161,33,0,0
BRDA:161,33,1,0
BRDA:173,34,0,0
BRDA:173,34,1,0
BRDA:177,35,0,0
BRDA:177,35,1,0
BRDA:186,36,0,0
BRDA:186,36,1,0
BRDA:204,37,0,0
BRDA:204,37,1,0
BRDA:207,38,0,0
BRDA:207,38,1,0
BRDA:214,39,0,0
BRDA:214,39,1,0
BRDA:222,40,0,0
BRDA:222,40,1,0
BRDA:236,41,0,0
BRDA:236,41,1,0
BRDA:242,42,0,0
BRDA:242,42,1,0
BRDA:246,43,0,0
BRDA:246,43,1,0
BRDA:246,44,0,0
BRDA:246,44,1,0
BRDA:246,44,2,0
BRDA:251,45,0,0
BRDA:251,45,1,0
BRDA:251,46,0,0
BRDA:251,46,1,0
BRDA:251,46,2,0
BRDA:260,47,0,0
BRDA:260,47,1,0
BRDA:262,48,0,0
BRDA:262,48,1,0
BRDA:267,49,0,0
BRDA:267,49,1,0
BRDA:268,50,0,0
BRDA:268,50,1,0
BRDA:305,51,0,0
BRDA:305,51,1,0
BRDA:311,52,0,0
BRDA:311,52,1,0
BRDA:332,53,0,0
BRDA:332,53,1,0
BRDA:338,54,0,0
BRDA:338,54,1,0
BRDA:339,55,0,0
BRDA:339,55,1,0
BRDA:339,56,0,0
BRDA:339,56,1,0
BRDA:342,57,0,0
BRDA:342,57,1,0
BRDA:348,58,0,0
BRDA:348,58,1,0
BRDA:352,59,0,0
BRDA:352,59,1,0
BRDA:352,60,0,0
BRDA:352,60,1,0
BRDA:353,61,0,0
BRDA:353,61,1,0
BRDA:359,62,0,0
BRDA:359,62,1,0
BRDA:363,63,0,0
BRDA:363,63,1,0
BRDA:366,64,0,0
BRDA:366,64,1,0
BRDA:367,65,0,0
BRDA:367,65,1,0
BRDA:377,66,0,0
BRDA:377,66,1,0
BRDA:392,67,0,0
BRDA:392,67,1,0
BRDA:393,68,0,0
BRDA:393,68,1,0
BRDA:432,69,0,0
BRDA:432,69,1,0
BRDA:433,70,0,0
BRDA:433,70,1,0
BRDA:455,71,0,0
BRDA:455,71,1,0
BRDA:475,72,0,0
BRDA:475,72,1,0
BRDA:479,73,0,0
BRDA:479,73,1,0
BRDA:487,74,0,0
BRDA:487,74,1,0
BRDA:487,75,0,0
BRDA:487,75,1,0
BRDA:496,76,0,0
BRDA:496,76,1,0
BRDA:496,77,0,0
BRDA:496,77,1,0
BRF:160
BRH:0
end_of_record
TN:
SF:src/services/userService.js
FN:12,(anonymous_0)
FN:44,(anonymous_1)
FN:59,(anonymous_2)
FN:80,(anonymous_3)
FN:126,(anonymous_4)
FNF:5
FNH:4
FNDA:2,(anonymous_0)
FNDA:1,(anonymous_1)
FNDA:0,(anonymous_2)
FNDA:2,(anonymous_3)
FNDA:2,(anonymous_4)
DA:4,1
DA:5,1
DA:6,1
DA:13,2
DA:15,2
DA:20,2
DA:21,1
DA:25,1
DA:28,1
DA:33,1
DA:34,1
DA:36,1
DA:37,1
DA:45,1
DA:46,1
DA:49,1
DA:51,0
DA:52,0
DA:60,0
DA:61,0
DA:66,0
DA:67,0
DA:70,0
DA:72,0
DA:73,0
DA:81,2
DA:82,2
DA:83,2
DA:84,2
DA:86,2
DA:87,2
DA:88,2
DA:91,2
DA:92,1
DA:93,1
DA:96,2
DA:97,0
DA:98,0
DA:99,0
DA:102,2
DA:103,0
DA:106,2
DA:107,2
DA:109,2
DA:111,2
DA:112,1
DA:115,1
DA:116,1
DA:118,1
DA:119,1
DA:127,2
DA:128,2
DA:133,2
DA:134,1
DA:137,1
DA:138,1
DA:140,1
DA:141,1
DA:146,1
LF:59
LH:46
BRDA:20,0,0,1
BRDA:20,0,1,1
BRDA:66,1,0,0
BRDA:66,1,1,0
BRDA:86,2,0,2
BRDA:86,2,1,0
BRDA:91,3,0,1
BRDA:91,3,1,1
BRDA:96,4,0,0
BRDA:96,4,1,2
BRDA:102,5,0,0
BRDA:102,5,1,2
BRDA:111,6,0,1
BRDA:111,6,1,1
BRDA:133,7,0,1
BRDA:133,7,1,1
BRF:16
BRH:11
end_of_record
TN:
SF:src/utils/logger.js
FN:12,(anonymous_0)
FN:19,(anonymous_1)
FN:25,(anonymous_2)
FN:31,(anonymous_3)
FN:37,(anonymous_4)
FN:45,(anonymous_5)
FN:59,(anonymous_6)
FNF:7
FNH:5
FNDA:2,(anonymous_0)
FNDA:5,(anonymous_1)
FNDA:3,(anonymous_2)
FNDA:4,(anonymous_3)
FNDA:3,(anonymous_4)
FNDA:0,(anonymous_5)
FNDA:0,(anonymous_6)
DA:4,2
DA:16,2
DA:20,5
DA:21,5
DA:26,3
DA:27,3
DA:32,4
DA:33,4
DA:38,3
DA:39,3
DA:46,0
DA:47,0
DA:49,0
DA:50,0
DA:53,0
DA:60,0
DA:62,0
DA:63,0
DA:65,0
DA:66,0
DA:67,0
DA:68,0
DA:69,0
DA:73,0
DA:78,2
DA:79,2
LF:26
LH:12
BRDA:16,0,0,0
BRDA:16,0,1,2
BRDA:20,1,0,5
BRDA:20,1,1,0
BRDA:26,2,0,3
BRDA:26,2,1,0
BRDA:32,3,0,4
BRDA:32,3,1,0
BRDA:38,4,0,3
BRDA:38,4,1,0
BRDA:46,5,0,0
BRDA:46,5,1,0
BRDA:47,6,0,0
BRDA:47,6,1,0
BRDA:60,7,0,0
BRDA:60,7,1,0
BRDA:60,8,0,0
BRDA:60,8,1,0
BRDA:66,9,0,0
BRDA:66,9,1,0
BRDA:68,10,0,0
BRDA:68,10,1,0
BRDA:68,11,0,0
BRDA:68,11,1,0
BRF:24
BRH:5
end_of_record
TN:
SF:src/utils/serialNumber.js
FN:1,normalizeSerialScanInput
FN:13,(anonymous_1)
FNF:2
FNH:2
FNDA:3,normalizeSerialScanInput
FNDA:5,(anonymous_1)
DA:2,3
DA:3,3
DA:6,3
DA:7,3
DA:11,3
DA:12,3
DA:13,5
DA:14,3
DA:15,3
DA:17,3
DA:26,1
LF:11
LH:11
BRDA:2,0,0,3
BRDA:2,0,1,0
BRDA:11,1,0,3
BRDA:11,1,1,0
BRDA:12,2,0,3
BRDA:12,2,1,0
BRDA:13,3,0,5
BRDA:13,3,1,0
BRDA:14,4,0,3
BRDA:14,4,1,0
BRDA:14,4,2,0
BRDA:15,5,0,3
BRDA:15,5,1,3
BRF:13
BRH:7
end_of_record
